<?xml version="1.0" encoding="UTF-8"?>
<testsuites name="RUN" time="231.392" tests="33" failures="1" errors="24">
   <testsuite name="RUN" tests="33" failures="1" errors="24" time="231.392" skipped="0" timestamp="2023-04-03 14:37:38" hostname="User - Thinkpad-T470-Saepuloh" id="Test Suites/RUN">
      <properties>
[...]
</properties>
      <testcase name="Test Cases/SCENARIO/Setup and Configuration/Special Dates/SD_TC.001 List Special Dates _verify all element" time="18.177" classname="Test Cases/SCENARIO/Setup and Configuration/Special Dates/SD_TC.001 List Special Dates _verify all element" status="PASSED">
         <system-out><![CDATA[2023-04-03 14:37:38 - [TEST_CASE][PASSED] - Test Cases/SCENARIO/Setup and Configuration/Special Dates/SD_TC.001 List Special Dates _verify all element: Test Cases/SCENARIO/Setup and Configuration/Special Dates/SD_TC.001 List Special Dates _verify all element

2023-04-03 14:37:38 - [TEST_STEP][PASSED] - callTestCase(findTestCase("login_internal"), [:], STOP_ON_FAILURE): Call Test Case 'Test Cases/login_internal' successfully

2023-04-03 14:37:39 - [TEST_CASE][PASSED] - Test Cases/login_internal: Test Cases/login_internal

2023-04-03 14:37:39 - [TEST_STEP][PASSED] - openBrowser(url_login): Browser is opened with url: 'https://bbstg.monstercode.net/auth/login'

2023-04-03 14:37:40 - [MESSAGE][INFO] - Starting 'Chrome' driver

2023-04-03 14:37:40 - [MESSAGE][INFO] - Action delay is set to 0 milliseconds

2023-04-03 14:37:46 - [MESSAGE][PASSED] - Browser is opened with url: 'https://bbstg.monstercode.net/auth/login'

2023-04-03 14:37:46 - [TEST_STEP][PASSED] - maximizeWindow(): Current window maximized

2023-04-03 14:37:46 - [MESSAGE][PASSED] - Current window maximized

2023-04-03 14:37:46 - [TEST_STEP][PASSED] - setText(findTestObject("Object Repository/Log_In/input_Email_username"), user_corporate): Text 'coba.dilain@gmail.com' is set on object 'Object Repository/Log_In/input_Email_username'

2023-04-03 14:37:48 - [MESSAGE][PASSED] - Text 'coba.dilain@gmail.com' is set on object 'Object Repository/Log_In/input_Email_username'

2023-04-03 14:37:48 - [TEST_STEP][PASSED] - setEncryptedText(findTestObject("Object Repository/Log_In/input_Password"), pass_corporate_encrypted): Text ****** has been set on object 'Object Repository/Log_In/input_Password'

2023-04-03 14:37:48 - [MESSAGE][PASSED] - Text ****** has been set on object 'Object Repository/Log_In/input_Password'

2023-04-03 14:37:48 - [TEST_STEP][PASSED] - click(findTestObject("Object Repository/Log_In/btn_sign_in")): Object: 'Object Repository/Log_In/btn_sign_in' is clicked on

2023-04-03 14:37:49 - [MESSAGE][PASSED] - Object: 'Object Repository/Log_In/btn_sign_in' is clicked on

2023-04-03 14:37:49 - [MESSAGE][PASSED] - Call Test Case 'Test Cases/login_internal' successfully

2023-04-03 14:37:49 - [TEST_STEP][PASSED] - click(findTestObject("Object Repository/corporate_airline_fare/dashboardBtn")): Object: 'Object Repository/corporate_airline_fare/dashboardBtn' is clicked on

2023-04-03 14:37:51 - [MESSAGE][PASSED] - Object: 'Object Repository/corporate_airline_fare/dashboardBtn' is clicked on

2023-04-03 14:37:51 - [TEST_STEP][PASSED] - click(findTestObject("Object Repository/job_title/setupAndConfigurationBtn")): Object: 'Object Repository/job_title/setupAndConfigurationBtn' is clicked on

2023-04-03 14:37:52 - [MESSAGE][PASSED] - Object: 'Object Repository/job_title/setupAndConfigurationBtn' is clicked on

2023-04-03 14:37:52 - [TEST_STEP][PASSED] - click(findTestObject("Object Repository/special_dates/subMenu_special_dates")): Object: 'Object Repository/special_dates/subMenu_special_dates' is clicked on

2023-04-03 14:37:52 - [MESSAGE][PASSED] - Object: 'Object Repository/special_dates/subMenu_special_dates' is clicked on

2023-04-03 14:37:52 - [TEST_STEP][PASSED] - click(findTestObject("Object Repository/corporate_airline_fare/breadcrumb")): Object: 'Object Repository/corporate_airline_fare/breadcrumb' is clicked on

2023-04-03 14:37:53 - [MESSAGE][PASSED] - Object: 'Object Repository/corporate_airline_fare/breadcrumb' is clicked on

2023-04-03 14:37:53 - [TEST_STEP][PASSED] - verifyElementPresent(findTestObject("Object Repository/special_dates/h1_title_sd"), 0): Object 'Object Repository/special_dates/h1_title_sd' is present

2023-04-03 14:37:53 - [MESSAGE][WARNING] - Timeout '0' is invalid. Using default page load timeout: '30'

2023-04-03 14:37:54 - [MESSAGE][PASSED] - Object 'Object Repository/special_dates/h1_title_sd' is present

2023-04-03 14:37:54 - [TEST_STEP][PASSED] - verifyElementPresent(findTestObject("Object Repository/special_dates/list_tbl_name"), 0): Object 'Object Repository/special_dates/list_tbl_name' is present

2023-04-03 14:37:54 - [MESSAGE][WARNING] - Timeout '0' is invalid. Using default page load timeout: '30'

2023-04-03 14:37:54 - [MESSAGE][PASSED] - Object 'Object Repository/special_dates/list_tbl_name' is present

2023-04-03 14:37:54 - [TEST_STEP][PASSED] - verifyElementPresent(findTestObject("Object Repository/special_dates/list_tbl_start_date"), 0): Object 'Object Repository/special_dates/list_tbl_start_date' is present

2023-04-03 14:37:54 - [MESSAGE][WARNING] - Timeout '0' is invalid. Using default page load timeout: '30'

2023-04-03 14:37:55 - [MESSAGE][PASSED] - Object 'Object Repository/special_dates/list_tbl_start_date' is present

2023-04-03 14:37:55 - [TEST_STEP][PASSED] - verifyElementPresent(findTestObject("Object Repository/special_dates/list_tbl_end_date"), 0): Object 'Object Repository/special_dates/list_tbl_end_date' is present

2023-04-03 14:37:55 - [MESSAGE][WARNING] - Timeout '0' is invalid. Using default page load timeout: '30'

2023-04-03 14:37:55 - [MESSAGE][PASSED] - Object 'Object Repository/special_dates/list_tbl_end_date' is present

2023-04-03 14:37:55 - [TEST_STEP][PASSED] - takeScreenshot(): Taking screenshot successfully

2023-04-03 14:37:55 - [MESSAGE][PASSED] - Taking screenshot successfully
[[ATTACHMENT|D:\\_Bayu Buana\\BB_Automation\\bb-internal-katalon\\Reports\\20230403_143722\\RUN\\20230403_143722\\1680507475711.png]]

2023-04-03 14:37:55 - [TEST_STEP][PASSED] - closeBrowser(): Browser is closed

2023-04-03 14:37:56 - [MESSAGE][PASSED] - Browser is closed]]></system-out>
         <system-err><![CDATA[]]></system-err>
      </testcase>
      <testcase name="Test Cases/SCENARIO/Setup and Configuration/Special Dates/SD_TC.002 Search _by Name, up and low case character" time="0.716" classname="Test Cases/SCENARIO/Setup and Configuration/Special Dates/SD_TC.002 Search _by Name, up and low case character" status="ERROR">
         <error type="ERROR" message="Test Cases/SCENARIO/Setup and Configuration/Special Dates/SD_TC.002 Search _by Name, up and low case character FAILED.
Reason:
com.kms.katalon.core.exception.StepErrorException: Call Test Case 'Test Cases/login_scenario_manager' failed because of error(s)
	at com.kms.katalon.core.keyword.builtin.CallTestCaseKeyword$_callTestCase_closure1.doCall(CallTestCaseKeyword.groovy:66)
	at com.kms.katalon.core.keyword.builtin.CallTestCaseKeyword$_callTestCase_closure1.call(CallTestCaseKeyword.groovy)
	at com.kms.katalon.core.keyword.internal.KeywordMain.runKeyword(KeywordMain.groovy:74)
	at com.kms.katalon.core.keyword.builtin.CallTestCaseKeyword.callTestCase(CallTestCaseKeyword.groovy:81)
	at com.kms.katalon.core.keyword.builtin.CallTestCaseKeyword.execute(CallTestCaseKeyword.groovy:44)
	at com.kms.katalon.core.keyword.internal.KeywordExecutor.executeKeywordForPlatform(KeywordExecutor.groovy:74)
	at com.kms.katalon.core.keyword.BuiltinKeywords.callTestCase(BuiltinKeywords.groovy:334)
	at SD_TC.002 Search _by Name, up and low case character.run(SD_TC.002 Search _by Name, up and low case character:20)
	at com.kms.katalon.core.main.ScriptEngine.run(ScriptEngine.java:194)
	at com.kms.katalon.core.main.ScriptEngine.runScriptAsRawText(ScriptEngine.java:119)
	at com.kms.katalon.core.main.TestCaseExecutor.runScript(TestCaseExecutor.java:448)
	at com.kms.katalon.core.main.TestCaseExecutor.doExecute(TestCaseExecutor.java:439)
	at com.kms.katalon.core.main.TestCaseExecutor.processExecutionPhase(TestCaseExecutor.java:418)
	at com.kms.katalon.core.main.TestCaseExecutor.accessMainPhase(TestCaseExecutor.java:410)
	at com.kms.katalon.core.main.TestCaseExecutor.execute(TestCaseExecutor.java:285)
	at com.kms.katalon.core.common.CommonExecutor.accessTestCaseMainPhase(CommonExecutor.java:65)
	at com.kms.katalon.core.main.TestSuiteExecutor.accessTestSuiteMainPhase(TestSuiteExecutor.java:151)
	at com.kms.katalon.core.main.TestSuiteExecutor.execute(TestSuiteExecutor.java:106)
	at com.kms.katalon.core.main.TestCaseMain.startTestSuite(TestCaseMain.java:185)
	at com.kms.katalon.core.main.TestCaseMain$startTestSuite$0.call(Unknown Source)
	at TempTestSuite1680507442613.run(TempTestSuite1680507442613.groovy:36)
Caused by: groovy.lang.MissingPropertyException: No such property: login_url for class: internal.GlobalVariable
	at login_scenario_manager.run(login_scenario_manager:20)
	at com.kms.katalon.core.main.ScriptEngine.run(ScriptEngine.java:194)
	at com.kms.katalon.core.main.ScriptEngine.runScriptAsRawText(ScriptEngine.java:119)
	at com.kms.katalon.core.main.TestCaseExecutor.runScript(TestCaseExecutor.java:448)
	at com.kms.katalon.core.main.TestCaseExecutor.doExecute(TestCaseExecutor.java:439)
	at com.kms.katalon.core.main.TestCaseExecutor.processExecutionPhase(TestCaseExecutor.java:418)
	at com.kms.katalon.core.main.TestCaseExecutor.accessMainPhase(TestCaseExecutor.java:410)
	at com.kms.katalon.core.main.TestCaseExecutor.execute(TestCaseExecutor.java:285)
	at com.kms.katalon.core.main.TestCaseMain.runTestCase(TestCaseMain.java:142)
	at com.kms.katalon.core.keyword.builtin.CallTestCaseKeyword$_callTestCase_closure1.doCall(CallTestCaseKeyword.groovy:59)
	... 20 more
"/>
         <system-out><![CDATA[2023-04-03 14:37:56 - [TEST_CASE][ERROR] - Test Cases/SCENARIO/Setup and Configuration/Special Dates/SD_TC.002 Search _by Name, up and low case character: Test Cases/SCENARIO/Setup and Configuration/Special Dates/SD_TC.002 Search _by Name, up and low case character FAILED.
Reason:
com.kms.katalon.core.exception.StepErrorException: Call Test Case 'Test Cases/login_scenario_manager' failed because of error(s)
	at com.kms.katalon.core.keyword.builtin.CallTestCaseKeyword$_callTestCase_closure1.doCall(CallTestCaseKeyword.groovy:66)
	at com.kms.katalon.core.keyword.builtin.CallTestCaseKeyword$_callTestCase_closure1.call(CallTestCaseKeyword.groovy)
	at com.kms.katalon.core.keyword.internal.KeywordMain.runKeyword(KeywordMain.groovy:74)
	at com.kms.katalon.core.keyword.builtin.CallTestCaseKeyword.callTestCase(CallTestCaseKeyword.groovy:81)
	at com.kms.katalon.core.keyword.builtin.CallTestCaseKeyword.execute(CallTestCaseKeyword.groovy:44)
	at com.kms.katalon.core.keyword.internal.KeywordExecutor.executeKeywordForPlatform(KeywordExecutor.groovy:74)
	at com.kms.katalon.core.keyword.BuiltinKeywords.callTestCase(BuiltinKeywords.groovy:334)
	at SD_TC.002 Search _by Name, up and low case character.run(SD_TC.002 Search _by Name, up and low case character:20)
	at com.kms.katalon.core.main.ScriptEngine.run(ScriptEngine.java:194)
	at com.kms.katalon.core.main.ScriptEngine.runScriptAsRawText(ScriptEngine.java:119)
	at com.kms.katalon.core.main.TestCaseExecutor.runScript(TestCaseExecutor.java:448)
	at com.kms.katalon.core.main.TestCaseExecutor.doExecute(TestCaseExecutor.java:439)
	at com.kms.katalon.core.main.TestCaseExecutor.processExecutionPhase(TestCaseExecutor.java:418)
	at com.kms.katalon.core.main.TestCaseExecutor.accessMainPhase(TestCaseExecutor.java:410)
	at com.kms.katalon.core.main.TestCaseExecutor.execute(TestCaseExecutor.java:285)
	at com.kms.katalon.core.common.CommonExecutor.accessTestCaseMainPhase(CommonExecutor.java:65)
	at com.kms.katalon.core.main.TestSuiteExecutor.accessTestSuiteMainPhase(TestSuiteExecutor.java:151)
	at com.kms.katalon.core.main.TestSuiteExecutor.execute(TestSuiteExecutor.java:106)
	at com.kms.katalon.core.main.TestCaseMain.startTestSuite(TestCaseMain.java:185)
	at com.kms.katalon.core.main.TestCaseMain$startTestSuite$0.call(Unknown Source)
	at TempTestSuite1680507442613.run(TempTestSuite1680507442613.groovy:36)
Caused by: groovy.lang.MissingPropertyException: No such property: login_url for class: internal.GlobalVariable
	at login_scenario_manager.run(login_scenario_manager:20)
	at com.kms.katalon.core.main.ScriptEngine.run(ScriptEngine.java:194)
	at com.kms.katalon.core.main.ScriptEngine.runScriptAsRawText(ScriptEngine.java:119)
	at com.kms.katalon.core.main.TestCaseExecutor.runScript(TestCaseExecutor.java:448)
	at com.kms.katalon.core.main.TestCaseExecutor.doExecute(TestCaseExecutor.java:439)
	at com.kms.katalon.core.main.TestCaseExecutor.processExecutionPhase(TestCaseExecutor.java:418)
	at com.kms.katalon.core.main.TestCaseExecutor.accessMainPhase(TestCaseExecutor.java:410)
	at com.kms.katalon.core.main.TestCaseExecutor.execute(TestCaseExecutor.java:285)
	at com.kms.katalon.core.main.TestCaseMain.runTestCase(TestCaseMain.java:142)
	at com.kms.katalon.core.keyword.builtin.CallTestCaseKeyword$_callTestCase_closure1.doCall(CallTestCaseKeyword.groovy:59)
	... 20 more


2023-04-03 14:37:56 - [TEST_STEP][ERROR] - callTestCase(findTestCase("login_scenario_manager"), [:], STOP_ON_FAILURE): Test Cases/SCENARIO/Setup and Configuration/Special Dates/SD_TC.002 Search _by Name, up and low case character FAILED.
Reason:
com.kms.katalon.core.exception.StepErrorException: Call Test Case 'Test Cases/login_scenario_manager' failed because of error(s)
	at com.kms.katalon.core.keyword.builtin.CallTestCaseKeyword$_callTestCase_closure1.doCall(CallTestCaseKeyword.groovy:66)
	at com.kms.katalon.core.keyword.builtin.CallTestCaseKeyword$_callTestCase_closure1.call(CallTestCaseKeyword.groovy)
	at com.kms.katalon.core.keyword.internal.KeywordMain.runKeyword(KeywordMain.groovy:74)
	at com.kms.katalon.core.keyword.builtin.CallTestCaseKeyword.callTestCase(CallTestCaseKeyword.groovy:81)
	at com.kms.katalon.core.keyword.builtin.CallTestCaseKeyword.execute(CallTestCaseKeyword.groovy:44)
	at com.kms.katalon.core.keyword.internal.KeywordExecutor.executeKeywordForPlatform(KeywordExecutor.groovy:74)
	at com.kms.katalon.core.keyword.BuiltinKeywords.callTestCase(BuiltinKeywords.groovy:334)
	at SD_TC.002 Search _by Name, up and low case character.run(SD_TC.002 Search _by Name, up and low case character:20)
	at com.kms.katalon.core.main.ScriptEngine.run(ScriptEngine.java:194)
	at com.kms.katalon.core.main.ScriptEngine.runScriptAsRawText(ScriptEngine.java:119)
	at com.kms.katalon.core.main.TestCaseExecutor.runScript(TestCaseExecutor.java:448)
	at com.kms.katalon.core.main.TestCaseExecutor.doExecute(TestCaseExecutor.java:439)
	at com.kms.katalon.core.main.TestCaseExecutor.processExecutionPhase(TestCaseExecutor.java:418)
	at com.kms.katalon.core.main.TestCaseExecutor.accessMainPhase(TestCaseExecutor.java:410)
	at com.kms.katalon.core.main.TestCaseExecutor.execute(TestCaseExecutor.java:285)
	at com.kms.katalon.core.common.CommonExecutor.accessTestCaseMainPhase(CommonExecutor.java:65)
	at com.kms.katalon.core.main.TestSuiteExecutor.accessTestSuiteMainPhase(TestSuiteExecutor.java:151)
	at com.kms.katalon.core.main.TestSuiteExecutor.execute(TestSuiteExecutor.java:106)
	at com.kms.katalon.core.main.TestCaseMain.startTestSuite(TestCaseMain.java:185)
	at com.kms.katalon.core.main.TestCaseMain$startTestSuite$0.call(Unknown Source)
	at TempTestSuite1680507442613.run(TempTestSuite1680507442613.groovy:36)
Caused by: groovy.lang.MissingPropertyException: No such property: login_url for class: internal.GlobalVariable
	at login_scenario_manager.run(login_scenario_manager:20)
	at com.kms.katalon.core.main.ScriptEngine.run(ScriptEngine.java:194)
	at com.kms.katalon.core.main.ScriptEngine.runScriptAsRawText(ScriptEngine.java:119)
	at com.kms.katalon.core.main.TestCaseExecutor.runScript(TestCaseExecutor.java:448)
	at com.kms.katalon.core.main.TestCaseExecutor.doExecute(TestCaseExecutor.java:439)
	at com.kms.katalon.core.main.TestCaseExecutor.processExecutionPhase(TestCaseExecutor.java:418)
	at com.kms.katalon.core.main.TestCaseExecutor.accessMainPhase(TestCaseExecutor.java:410)
	at com.kms.katalon.core.main.TestCaseExecutor.execute(TestCaseExecutor.java:285)
	at com.kms.katalon.core.main.TestCaseMain.runTestCase(TestCaseMain.java:142)
	at com.kms.katalon.core.keyword.builtin.CallTestCaseKeyword$_callTestCase_closure1.doCall(CallTestCaseKeyword.groovy:59)
	... 20 more


2023-04-03 14:37:57 - [TEST_CASE][ERROR] - Test Cases/login_scenario_manager: Test Cases/login_scenario_manager FAILED.
Reason:
groovy.lang.MissingPropertyException: No such property: login_url for class: internal.GlobalVariable
	at login_scenario_manager.run(login_scenario_manager:20)
	at com.kms.katalon.core.main.ScriptEngine.run(ScriptEngine.java:194)
	at com.kms.katalon.core.main.ScriptEngine.runScriptAsRawText(ScriptEngine.java:119)
	at com.kms.katalon.core.main.TestCaseExecutor.runScript(TestCaseExecutor.java:448)
	at com.kms.katalon.core.main.TestCaseExecutor.doExecute(TestCaseExecutor.java:439)
	at com.kms.katalon.core.main.TestCaseExecutor.processExecutionPhase(TestCaseExecutor.java:418)
	at com.kms.katalon.core.main.TestCaseExecutor.accessMainPhase(TestCaseExecutor.java:410)
	at com.kms.katalon.core.main.TestCaseExecutor.execute(TestCaseExecutor.java:285)
	at com.kms.katalon.core.main.TestCaseMain.runTestCase(TestCaseMain.java:142)
	at com.kms.katalon.core.keyword.builtin.CallTestCaseKeyword$_callTestCase_closure1.doCall(CallTestCaseKeyword.groovy:59)
	at com.kms.katalon.core.keyword.builtin.CallTestCaseKeyword$_callTestCase_closure1.call(CallTestCaseKeyword.groovy)
	at com.kms.katalon.core.keyword.internal.KeywordMain.runKeyword(KeywordMain.groovy:74)
	at com.kms.katalon.core.keyword.builtin.CallTestCaseKeyword.callTestCase(CallTestCaseKeyword.groovy:81)
	at com.kms.katalon.core.keyword.builtin.CallTestCaseKeyword.execute(CallTestCaseKeyword.groovy:44)
	at com.kms.katalon.core.keyword.internal.KeywordExecutor.executeKeywordForPlatform(KeywordExecutor.groovy:74)
	at com.kms.katalon.core.keyword.BuiltinKeywords.callTestCase(BuiltinKeywords.groovy:334)
	at SD_TC.002 Search _by Name, up and low case character.run(SD_TC.002 Search _by Name, up and low case character:20)
	at com.kms.katalon.core.main.ScriptEngine.run(ScriptEngine.java:194)
	at com.kms.katalon.core.main.ScriptEngine.runScriptAsRawText(ScriptEngine.java:119)
	at com.kms.katalon.core.main.TestCaseExecutor.runScript(TestCaseExecutor.java:448)
	at com.kms.katalon.core.main.TestCaseExecutor.doExecute(TestCaseExecutor.java:439)
	at com.kms.katalon.core.main.TestCaseExecutor.processExecutionPhase(TestCaseExecutor.java:418)
	at com.kms.katalon.core.main.TestCaseExecutor.accessMainPhase(TestCaseExecutor.java:410)
	at com.kms.katalon.core.main.TestCaseExecutor.execute(TestCaseExecutor.java:285)
	at com.kms.katalon.core.common.CommonExecutor.accessTestCaseMainPhase(CommonExecutor.java:65)
	at com.kms.katalon.core.main.TestSuiteExecutor.accessTestSuiteMainPhase(TestSuiteExecutor.java:151)
	at com.kms.katalon.core.main.TestSuiteExecutor.execute(TestSuiteExecutor.java:106)
	at com.kms.katalon.core.main.TestCaseMain.startTestSuite(TestCaseMain.java:185)
	at com.kms.katalon.core.main.TestCaseMain$startTestSuite$0.call(Unknown Source)
	at TempTestSuite1680507442613.run(TempTestSuite1680507442613.groovy:36)


2023-04-03 14:37:57 - [TEST_STEP][ERROR] - openBrowser(login_url): Test Cases/login_scenario_manager FAILED.
Reason:
groovy.lang.MissingPropertyException: No such property: login_url for class: internal.GlobalVariable
	at login_scenario_manager.run(login_scenario_manager:20)
	at com.kms.katalon.core.main.ScriptEngine.run(ScriptEngine.java:194)
	at com.kms.katalon.core.main.ScriptEngine.runScriptAsRawText(ScriptEngine.java:119)
	at com.kms.katalon.core.main.TestCaseExecutor.runScript(TestCaseExecutor.java:448)
	at com.kms.katalon.core.main.TestCaseExecutor.doExecute(TestCaseExecutor.java:439)
	at com.kms.katalon.core.main.TestCaseExecutor.processExecutionPhase(TestCaseExecutor.java:418)
	at com.kms.katalon.core.main.TestCaseExecutor.accessMainPhase(TestCaseExecutor.java:410)
	at com.kms.katalon.core.main.TestCaseExecutor.execute(TestCaseExecutor.java:285)
	at com.kms.katalon.core.main.TestCaseMain.runTestCase(TestCaseMain.java:142)
	at com.kms.katalon.core.keyword.builtin.CallTestCaseKeyword$_callTestCase_closure1.doCall(CallTestCaseKeyword.groovy:59)
	at com.kms.katalon.core.keyword.builtin.CallTestCaseKeyword$_callTestCase_closure1.call(CallTestCaseKeyword.groovy)
	at com.kms.katalon.core.keyword.internal.KeywordMain.runKeyword(KeywordMain.groovy:74)
	at com.kms.katalon.core.keyword.builtin.CallTestCaseKeyword.callTestCase(CallTestCaseKeyword.groovy:81)
	at com.kms.katalon.core.keyword.builtin.CallTestCaseKeyword.execute(CallTestCaseKeyword.groovy:44)
	at com.kms.katalon.core.keyword.internal.KeywordExecutor.executeKeywordForPlatform(KeywordExecutor.groovy:74)
	at com.kms.katalon.core.keyword.BuiltinKeywords.callTestCase(BuiltinKeywords.groovy:334)
	at SD_TC.002 Search _by Name, up and low case character.run(SD_TC.002 Search _by Name, up and low case character:20)
	at com.kms.katalon.core.main.ScriptEngine.run(ScriptEngine.java:194)
	at com.kms.katalon.core.main.ScriptEngine.runScriptAsRawText(ScriptEngine.java:119)
	at com.kms.katalon.core.main.TestCaseExecutor.runScript(TestCaseExecutor.java:448)
	at com.kms.katalon.core.main.TestCaseExecutor.doExecute(TestCaseExecutor.java:439)
	at com.kms.katalon.core.main.TestCaseExecutor.processExecutionPhase(TestCaseExecutor.java:418)
	at com.kms.katalon.core.main.TestCaseExecutor.accessMainPhase(TestCaseExecutor.java:410)
	at com.kms.katalon.core.main.TestCaseExecutor.execute(TestCaseExecutor.java:285)
	at com.kms.katalon.core.common.CommonExecutor.accessTestCaseMainPhase(CommonExecutor.java:65)
	at com.kms.katalon.core.main.TestSuiteExecutor.accessTestSuiteMainPhase(TestSuiteExecutor.java:151)
	at com.kms.katalon.core.main.TestSuiteExecutor.execute(TestSuiteExecutor.java:106)
	at com.kms.katalon.core.main.TestCaseMain.startTestSuite(TestCaseMain.java:185)
	at com.kms.katalon.core.main.TestCaseMain$startTestSuite$0.call(Unknown Source)
	at TempTestSuite1680507442613.run(TempTestSuite1680507442613.groovy:36)


2023-04-03 14:37:57 - [MESSAGE][ERROR] - Test Cases/login_scenario_manager FAILED.
Reason:
groovy.lang.MissingPropertyException: No such property: login_url for class: internal.GlobalVariable
	at login_scenario_manager.run(login_scenario_manager:20)
	at com.kms.katalon.core.main.ScriptEngine.run(ScriptEngine.java:194)
	at com.kms.katalon.core.main.ScriptEngine.runScriptAsRawText(ScriptEngine.java:119)
	at com.kms.katalon.core.main.TestCaseExecutor.runScript(TestCaseExecutor.java:448)
	at com.kms.katalon.core.main.TestCaseExecutor.doExecute(TestCaseExecutor.java:439)
	at com.kms.katalon.core.main.TestCaseExecutor.processExecutionPhase(TestCaseExecutor.java:418)
	at com.kms.katalon.core.main.TestCaseExecutor.accessMainPhase(TestCaseExecutor.java:410)
	at com.kms.katalon.core.main.TestCaseExecutor.execute(TestCaseExecutor.java:285)
	at com.kms.katalon.core.main.TestCaseMain.runTestCase(TestCaseMain.java:142)
	at com.kms.katalon.core.keyword.builtin.CallTestCaseKeyword$_callTestCase_closure1.doCall(CallTestCaseKeyword.groovy:59)
	at com.kms.katalon.core.keyword.builtin.CallTestCaseKeyword$_callTestCase_closure1.call(CallTestCaseKeyword.groovy)
	at com.kms.katalon.core.keyword.internal.KeywordMain.runKeyword(KeywordMain.groovy:74)
	at com.kms.katalon.core.keyword.builtin.CallTestCaseKeyword.callTestCase(CallTestCaseKeyword.groovy:81)
	at com.kms.katalon.core.keyword.builtin.CallTestCaseKeyword.execute(CallTestCaseKeyword.groovy:44)
	at com.kms.katalon.core.keyword.internal.KeywordExecutor.executeKeywordForPlatform(KeywordExecutor.groovy:74)
	at com.kms.katalon.core.keyword.BuiltinKeywords.callTestCase(BuiltinKeywords.groovy:334)
	at SD_TC.002 Search _by Name, up and low case character.run(SD_TC.002 Search _by Name, up and low case character:20)
	at com.kms.katalon.core.main.ScriptEngine.run(ScriptEngine.java:194)
	at com.kms.katalon.core.main.ScriptEngine.runScriptAsRawText(ScriptEngine.java:119)
	at com.kms.katalon.core.main.TestCaseExecutor.runScript(TestCaseExecutor.java:448)
	at com.kms.katalon.core.main.TestCaseExecutor.doExecute(TestCaseExecutor.java:439)
	at com.kms.katalon.core.main.TestCaseExecutor.processExecutionPhase(TestCaseExecutor.java:418)
	at com.kms.katalon.core.main.TestCaseExecutor.accessMainPhase(TestCaseExecutor.java:410)
	at com.kms.katalon.core.main.TestCaseExecutor.execute(TestCaseExecutor.java:285)
	at com.kms.katalon.core.common.CommonExecutor.accessTestCaseMainPhase(CommonExecutor.java:65)
	at com.kms.katalon.core.main.TestSuiteExecutor.accessTestSuiteMainPhase(TestSuiteExecutor.java:151)
	at com.kms.katalon.core.main.TestSuiteExecutor.execute(TestSuiteExecutor.java:106)
	at com.kms.katalon.core.main.TestCaseMain.startTestSuite(TestCaseMain.java:185)
	at com.kms.katalon.core.main.TestCaseMain$startTestSuite$0.call(Unknown Source)
	at TempTestSuite1680507442613.run(TempTestSuite1680507442613.groovy:36)


2023-04-03 14:37:57 - [MESSAGE][FAILED] - Unable to call Test Case 'Test Cases/login_scenario_manager' (Root cause: com.kms.katalon.core.exception.StepErrorException: Call Test Case 'Test Cases/login_scenario_manager' failed because of error(s)
	at com.kms.katalon.core.keyword.builtin.CallTestCaseKeyword$_callTestCase_closure1.doCall(CallTestCaseKeyword.groovy:66)
	at com.kms.katalon.core.keyword.builtin.CallTestCaseKeyword$_callTestCase_closure1.call(CallTestCaseKeyword.groovy)
	at com.kms.katalon.core.keyword.internal.KeywordMain.runKeyword(KeywordMain.groovy:74)
	at com.kms.katalon.core.keyword.builtin.CallTestCaseKeyword.callTestCase(CallTestCaseKeyword.groovy:81)
	at com.kms.katalon.core.keyword.builtin.CallTestCaseKeyword.execute(CallTestCaseKeyword.groovy:44)
	at com.kms.katalon.core.keyword.internal.KeywordExecutor.executeKeywordForPlatform(KeywordExecutor.groovy:74)
	at com.kms.katalon.core.keyword.BuiltinKeywords.callTestCase(BuiltinKeywords.groovy:334)
	at SD_TC.002 Search _by Name, up and low case character.run(SD_TC.002 Search _by Name, up and low case character:20)
	at com.kms.katalon.core.main.ScriptEngine.run(ScriptEngine.java:194)
	at com.kms.katalon.core.main.ScriptEngine.runScriptAsRawText(ScriptEngine.java:119)
	at com.kms.katalon.core.main.TestCaseExecutor.runScript(TestCaseExecutor.java:448)
	at com.kms.katalon.core.main.TestCaseExecutor.doExecute(TestCaseExecutor.java:439)
	at com.kms.katalon.core.main.TestCaseExecutor.processExecutionPhase(TestCaseExecutor.java:418)
	at com.kms.katalon.core.main.TestCaseExecutor.accessMainPhase(TestCaseExecutor.java:410)
	at com.kms.katalon.core.main.TestCaseExecutor.execute(TestCaseExecutor.java:285)
	at com.kms.katalon.core.common.CommonExecutor.accessTestCaseMainPhase(CommonExecutor.java:65)
	at com.kms.katalon.core.main.TestSuiteExecutor.accessTestSuiteMainPhase(TestSuiteExecutor.java:151)
	at com.kms.katalon.core.main.TestSuiteExecutor.execute(TestSuiteExecutor.java:106)
	at com.kms.katalon.core.main.TestCaseMain.startTestSuite(TestCaseMain.java:185)
	at com.kms.katalon.core.main.TestCaseMain$startTestSuite$0.call(Unknown Source)
	at TempTestSuite1680507442613.run(TempTestSuite1680507442613.groovy:36)
Caused by: groovy.lang.MissingPropertyException: No such property: login_url for class: internal.GlobalVariable
	at login_scenario_manager.run(login_scenario_manager:20)
	at com.kms.katalon.core.main.ScriptEngine.run(ScriptEngine.java:194)
	at com.kms.katalon.core.main.ScriptEngine.runScriptAsRawText(ScriptEngine.java:119)
	at com.kms.katalon.core.main.TestCaseExecutor.runScript(TestCaseExecutor.java:448)
	at com.kms.katalon.core.main.TestCaseExecutor.doExecute(TestCaseExecutor.java:439)
	at com.kms.katalon.core.main.TestCaseExecutor.processExecutionPhase(TestCaseExecutor.java:418)
	at com.kms.katalon.core.main.TestCaseExecutor.accessMainPhase(TestCaseExecutor.java:410)
	at com.kms.katalon.core.main.TestCaseExecutor.execute(TestCaseExecutor.java:285)
	at com.kms.katalon.core.main.TestCaseMain.runTestCase(TestCaseMain.java:142)
	at com.kms.katalon.core.keyword.builtin.CallTestCaseKeyword$_callTestCase_closure1.doCall(CallTestCaseKeyword.groovy:59)
	... 20 more
)

2023-04-03 14:37:57 - [MESSAGE][ERROR] - Test Cases/SCENARIO/Setup and Configuration/Special Dates/SD_TC.002 Search _by Name, up and low case character FAILED.
Reason:
com.kms.katalon.core.exception.StepErrorException: Call Test Case 'Test Cases/login_scenario_manager' failed because of error(s)
	at com.kms.katalon.core.keyword.builtin.CallTestCaseKeyword$_callTestCase_closure1.doCall(CallTestCaseKeyword.groovy:66)
	at com.kms.katalon.core.keyword.builtin.CallTestCaseKeyword$_callTestCase_closure1.call(CallTestCaseKeyword.groovy)
	at com.kms.katalon.core.keyword.internal.KeywordMain.runKeyword(KeywordMain.groovy:74)
	at com.kms.katalon.core.keyword.builtin.CallTestCaseKeyword.callTestCase(CallTestCaseKeyword.groovy:81)
	at com.kms.katalon.core.keyword.builtin.CallTestCaseKeyword.execute(CallTestCaseKeyword.groovy:44)
	at com.kms.katalon.core.keyword.internal.KeywordExecutor.executeKeywordForPlatform(KeywordExecutor.groovy:74)
	at com.kms.katalon.core.keyword.BuiltinKeywords.callTestCase(BuiltinKeywords.groovy:334)
	at SD_TC.002 Search _by Name, up and low case character.run(SD_TC.002 Search _by Name, up and low case character:20)
	at com.kms.katalon.core.main.ScriptEngine.run(ScriptEngine.java:194)
	at com.kms.katalon.core.main.ScriptEngine.runScriptAsRawText(ScriptEngine.java:119)
	at com.kms.katalon.core.main.TestCaseExecutor.runScript(TestCaseExecutor.java:448)
	at com.kms.katalon.core.main.TestCaseExecutor.doExecute(TestCaseExecutor.java:439)
	at com.kms.katalon.core.main.TestCaseExecutor.processExecutionPhase(TestCaseExecutor.java:418)
	at com.kms.katalon.core.main.TestCaseExecutor.accessMainPhase(TestCaseExecutor.java:410)
	at com.kms.katalon.core.main.TestCaseExecutor.execute(TestCaseExecutor.java:285)
	at com.kms.katalon.core.common.CommonExecutor.accessTestCaseMainPhase(CommonExecutor.java:65)
	at com.kms.katalon.core.main.TestSuiteExecutor.accessTestSuiteMainPhase(TestSuiteExecutor.java:151)
	at com.kms.katalon.core.main.TestSuiteExecutor.execute(TestSuiteExecutor.java:106)
	at com.kms.katalon.core.main.TestCaseMain.startTestSuite(TestCaseMain.java:185)
	at com.kms.katalon.core.main.TestCaseMain$startTestSuite$0.call(Unknown Source)
	at TempTestSuite1680507442613.run(TempTestSuite1680507442613.groovy:36)
Caused by: groovy.lang.MissingPropertyException: No such property: login_url for class: internal.GlobalVariable
	at login_scenario_manager.run(login_scenario_manager:20)
	at com.kms.katalon.core.main.ScriptEngine.run(ScriptEngine.java:194)
	at com.kms.katalon.core.main.ScriptEngine.runScriptAsRawText(ScriptEngine.java:119)
	at com.kms.katalon.core.main.TestCaseExecutor.runScript(TestCaseExecutor.java:448)
	at com.kms.katalon.core.main.TestCaseExecutor.doExecute(TestCaseExecutor.java:439)
	at com.kms.katalon.core.main.TestCaseExecutor.processExecutionPhase(TestCaseExecutor.java:418)
	at com.kms.katalon.core.main.TestCaseExecutor.accessMainPhase(TestCaseExecutor.java:410)
	at com.kms.katalon.core.main.TestCaseExecutor.execute(TestCaseExecutor.java:285)
	at com.kms.katalon.core.main.TestCaseMain.runTestCase(TestCaseMain.java:142)
	at com.kms.katalon.core.keyword.builtin.CallTestCaseKeyword$_callTestCase_closure1.doCall(CallTestCaseKeyword.groovy:59)
	... 20 more]]></system-out>
         <system-err><![CDATA[2023-04-03 14:37:56 - [TEST_CASE][ERROR] - Test Cases/SCENARIO/Setup and Configuration/Special Dates/SD_TC.002 Search _by Name, up and low case character: Test Cases/SCENARIO/Setup and Configuration/Special Dates/SD_TC.002 Search _by Name, up and low case character FAILED.
Reason:
com.kms.katalon.core.exception.StepErrorException: Call Test Case 'Test Cases/login_scenario_manager' failed because of error(s)
	at com.kms.katalon.core.keyword.builtin.CallTestCaseKeyword$_callTestCase_closure1.doCall(CallTestCaseKeyword.groovy:66)
	at com.kms.katalon.core.keyword.builtin.CallTestCaseKeyword$_callTestCase_closure1.call(CallTestCaseKeyword.groovy)
	at com.kms.katalon.core.keyword.internal.KeywordMain.runKeyword(KeywordMain.groovy:74)
	at com.kms.katalon.core.keyword.builtin.CallTestCaseKeyword.callTestCase(CallTestCaseKeyword.groovy:81)
	at com.kms.katalon.core.keyword.builtin.CallTestCaseKeyword.execute(CallTestCaseKeyword.groovy:44)
	at com.kms.katalon.core.keyword.internal.KeywordExecutor.executeKeywordForPlatform(KeywordExecutor.groovy:74)
	at com.kms.katalon.core.keyword.BuiltinKeywords.callTestCase(BuiltinKeywords.groovy:334)
	at SD_TC.002 Search _by Name, up and low case character.run(SD_TC.002 Search _by Name, up and low case character:20)
	at com.kms.katalon.core.main.ScriptEngine.run(ScriptEngine.java:194)
	at com.kms.katalon.core.main.ScriptEngine.runScriptAsRawText(ScriptEngine.java:119)
	at com.kms.katalon.core.main.TestCaseExecutor.runScript(TestCaseExecutor.java:448)
	at com.kms.katalon.core.main.TestCaseExecutor.doExecute(TestCaseExecutor.java:439)
	at com.kms.katalon.core.main.TestCaseExecutor.processExecutionPhase(TestCaseExecutor.java:418)
	at com.kms.katalon.core.main.TestCaseExecutor.accessMainPhase(TestCaseExecutor.java:410)
	at com.kms.katalon.core.main.TestCaseExecutor.execute(TestCaseExecutor.java:285)
	at com.kms.katalon.core.common.CommonExecutor.accessTestCaseMainPhase(CommonExecutor.java:65)
	at com.kms.katalon.core.main.TestSuiteExecutor.accessTestSuiteMainPhase(TestSuiteExecutor.java:151)
	at com.kms.katalon.core.main.TestSuiteExecutor.execute(TestSuiteExecutor.java:106)
	at com.kms.katalon.core.main.TestCaseMain.startTestSuite(TestCaseMain.java:185)
	at com.kms.katalon.core.main.TestCaseMain$startTestSuite$0.call(Unknown Source)
	at TempTestSuite1680507442613.run(TempTestSuite1680507442613.groovy:36)
Caused by: groovy.lang.MissingPropertyException: No such property: login_url for class: internal.GlobalVariable
	at login_scenario_manager.run(login_scenario_manager:20)
	at com.kms.katalon.core.main.ScriptEngine.run(ScriptEngine.java:194)
	at com.kms.katalon.core.main.ScriptEngine.runScriptAsRawText(ScriptEngine.java:119)
	at com.kms.katalon.core.main.TestCaseExecutor.runScript(TestCaseExecutor.java:448)
	at com.kms.katalon.core.main.TestCaseExecutor.doExecute(TestCaseExecutor.java:439)
	at com.kms.katalon.core.main.TestCaseExecutor.processExecutionPhase(TestCaseExecutor.java:418)
	at com.kms.katalon.core.main.TestCaseExecutor.accessMainPhase(TestCaseExecutor.java:410)
	at com.kms.katalon.core.main.TestCaseExecutor.execute(TestCaseExecutor.java:285)
	at com.kms.katalon.core.main.TestCaseMain.runTestCase(TestCaseMain.java:142)
	at com.kms.katalon.core.keyword.builtin.CallTestCaseKeyword$_callTestCase_closure1.doCall(CallTestCaseKeyword.groovy:59)
	... 20 more]]></system-err>
      </testcase>
      <testcase name="Test Cases/SCENARIO/Setup and Configuration/Special Dates/SD_TC.003 Search _by start date" time="0.263" classname="Test Cases/SCENARIO/Setup and Configuration/Special Dates/SD_TC.003 Search _by start date" status="ERROR">
         <error type="ERROR" message="Test Cases/SCENARIO/Setup and Configuration/Special Dates/SD_TC.003 Search _by start date FAILED.
Reason:
org.codehaus.groovy.control.MultipleCompilationErrorsException: startup failed:
file:/D:/_Bayu%20Buana/BB_Automation/bb-internal-katalon/Scripts/SCENARIO/Setup%20and%20Configuration/Special%20Dates/SD_TC.003%20Search%20_by%20start%20date/Script1680503839049.groovy: 19: unable to resolve class com.github.javafaker.Faker
 @ line 19, column 1.
   import com.github.javafaker.Faker as Faker
   ^

1 error

	at com.kms.katalon.core.main.ScriptEngine.getScript(ScriptEngine.java:199)
	at com.kms.katalon.core.main.ScriptEngine.run(ScriptEngine.java:194)
	at com.kms.katalon.core.main.ScriptEngine.runScriptAsRawText(ScriptEngine.java:119)
	at com.kms.katalon.core.main.TestCaseExecutor.runScript(TestCaseExecutor.java:448)
	at com.kms.katalon.core.main.TestCaseExecutor.doExecute(TestCaseExecutor.java:439)
	at com.kms.katalon.core.main.TestCaseExecutor.processExecutionPhase(TestCaseExecutor.java:418)
	at com.kms.katalon.core.main.TestCaseExecutor.accessMainPhase(TestCaseExecutor.java:410)
	at com.kms.katalon.core.main.TestCaseExecutor.execute(TestCaseExecutor.java:285)
	at com.kms.katalon.core.common.CommonExecutor.accessTestCaseMainPhase(CommonExecutor.java:65)
	at com.kms.katalon.core.main.TestSuiteExecutor.accessTestSuiteMainPhase(TestSuiteExecutor.java:151)
	at com.kms.katalon.core.main.TestSuiteExecutor.execute(TestSuiteExecutor.java:106)
	at com.kms.katalon.core.main.TestCaseMain.startTestSuite(TestCaseMain.java:185)
	at com.kms.katalon.core.main.TestCaseMain$startTestSuite$0.call(Unknown Source)
	at TempTestSuite1680507442613.run(TempTestSuite1680507442613.groovy:36)
"/>
         <system-out><![CDATA[2023-04-03 14:37:57 - [TEST_CASE][ERROR] - Test Cases/SCENARIO/Setup and Configuration/Special Dates/SD_TC.003 Search _by start date: Test Cases/SCENARIO/Setup and Configuration/Special Dates/SD_TC.003 Search _by start date FAILED.
Reason:
org.codehaus.groovy.control.MultipleCompilationErrorsException: startup failed:
file:/D:/_Bayu%20Buana/BB_Automation/bb-internal-katalon/Scripts/SCENARIO/Setup%20and%20Configuration/Special%20Dates/SD_TC.003%20Search%20_by%20start%20date/Script1680503839049.groovy: 19: unable to resolve class com.github.javafaker.Faker
 @ line 19, column 1.
   import com.github.javafaker.Faker as Faker
   ^

1 error

	at com.kms.katalon.core.main.ScriptEngine.getScript(ScriptEngine.java:199)
	at com.kms.katalon.core.main.ScriptEngine.run(ScriptEngine.java:194)
	at com.kms.katalon.core.main.ScriptEngine.runScriptAsRawText(ScriptEngine.java:119)
	at com.kms.katalon.core.main.TestCaseExecutor.runScript(TestCaseExecutor.java:448)
	at com.kms.katalon.core.main.TestCaseExecutor.doExecute(TestCaseExecutor.java:439)
	at com.kms.katalon.core.main.TestCaseExecutor.processExecutionPhase(TestCaseExecutor.java:418)
	at com.kms.katalon.core.main.TestCaseExecutor.accessMainPhase(TestCaseExecutor.java:410)
	at com.kms.katalon.core.main.TestCaseExecutor.execute(TestCaseExecutor.java:285)
	at com.kms.katalon.core.common.CommonExecutor.accessTestCaseMainPhase(CommonExecutor.java:65)
	at com.kms.katalon.core.main.TestSuiteExecutor.accessTestSuiteMainPhase(TestSuiteExecutor.java:151)
	at com.kms.katalon.core.main.TestSuiteExecutor.execute(TestSuiteExecutor.java:106)
	at com.kms.katalon.core.main.TestCaseMain.startTestSuite(TestCaseMain.java:185)
	at com.kms.katalon.core.main.TestCaseMain$startTestSuite$0.call(Unknown Source)
	at TempTestSuite1680507442613.run(TempTestSuite1680507442613.groovy:36)]]></system-out>
         <system-err><![CDATA[2023-04-03 14:37:57 - [TEST_CASE][ERROR] - Test Cases/SCENARIO/Setup and Configuration/Special Dates/SD_TC.003 Search _by start date: Test Cases/SCENARIO/Setup and Configuration/Special Dates/SD_TC.003 Search _by start date FAILED.
Reason:
org.codehaus.groovy.control.MultipleCompilationErrorsException: startup failed:
file:/D:/_Bayu%20Buana/BB_Automation/bb-internal-katalon/Scripts/SCENARIO/Setup%20and%20Configuration/Special%20Dates/SD_TC.003%20Search%20_by%20start%20date/Script1680503839049.groovy: 19: unable to resolve class com.github.javafaker.Faker
 @ line 19, column 1.
   import com.github.javafaker.Faker as Faker
   ^

1 error

	at com.kms.katalon.core.main.ScriptEngine.getScript(ScriptEngine.java:199)
	at com.kms.katalon.core.main.ScriptEngine.run(ScriptEngine.java:194)
	at com.kms.katalon.core.main.ScriptEngine.runScriptAsRawText(ScriptEngine.java:119)
	at com.kms.katalon.core.main.TestCaseExecutor.runScript(TestCaseExecutor.java:448)
	at com.kms.katalon.core.main.TestCaseExecutor.doExecute(TestCaseExecutor.java:439)
	at com.kms.katalon.core.main.TestCaseExecutor.processExecutionPhase(TestCaseExecutor.java:418)
	at com.kms.katalon.core.main.TestCaseExecutor.accessMainPhase(TestCaseExecutor.java:410)
	at com.kms.katalon.core.main.TestCaseExecutor.execute(TestCaseExecutor.java:285)
	at com.kms.katalon.core.common.CommonExecutor.accessTestCaseMainPhase(CommonExecutor.java:65)
	at com.kms.katalon.core.main.TestSuiteExecutor.accessTestSuiteMainPhase(TestSuiteExecutor.java:151)
	at com.kms.katalon.core.main.TestSuiteExecutor.execute(TestSuiteExecutor.java:106)
	at com.kms.katalon.core.main.TestCaseMain.startTestSuite(TestCaseMain.java:185)
	at com.kms.katalon.core.main.TestCaseMain$startTestSuite$0.call(Unknown Source)
	at TempTestSuite1680507442613.run(TempTestSuite1680507442613.groovy:36)]]></system-err>
      </testcase>
      <testcase name="Test Cases/SCENARIO/Setup and Configuration/Special Dates/SD_TC.004 Search _by end date" time="0.33" classname="Test Cases/SCENARIO/Setup and Configuration/Special Dates/SD_TC.004 Search _by end date" status="ERROR">
         <error type="ERROR" message="Test Cases/SCENARIO/Setup and Configuration/Special Dates/SD_TC.004 Search _by end date FAILED.
Reason:
org.codehaus.groovy.control.MultipleCompilationErrorsException: startup failed:
file:/D:/_Bayu%20Buana/BB_Automation/bb-internal-katalon/Scripts/SCENARIO/Setup%20and%20Configuration/Special%20Dates/SD_TC.004%20Search%20_by%20end%20date/Script1680503839203.groovy: 19: unable to resolve class com.github.javafaker.Faker
 @ line 19, column 1.
   import com.github.javafaker.Faker as Faker
   ^

1 error

	at com.kms.katalon.core.main.ScriptEngine.getScript(ScriptEngine.java:199)
	at com.kms.katalon.core.main.ScriptEngine.run(ScriptEngine.java:194)
	at com.kms.katalon.core.main.ScriptEngine.runScriptAsRawText(ScriptEngine.java:119)
	at com.kms.katalon.core.main.TestCaseExecutor.runScript(TestCaseExecutor.java:448)
	at com.kms.katalon.core.main.TestCaseExecutor.doExecute(TestCaseExecutor.java:439)
	at com.kms.katalon.core.main.TestCaseExecutor.processExecutionPhase(TestCaseExecutor.java:418)
	at com.kms.katalon.core.main.TestCaseExecutor.accessMainPhase(TestCaseExecutor.java:410)
	at com.kms.katalon.core.main.TestCaseExecutor.execute(TestCaseExecutor.java:285)
	at com.kms.katalon.core.common.CommonExecutor.accessTestCaseMainPhase(CommonExecutor.java:65)
	at com.kms.katalon.core.main.TestSuiteExecutor.accessTestSuiteMainPhase(TestSuiteExecutor.java:151)
	at com.kms.katalon.core.main.TestSuiteExecutor.execute(TestSuiteExecutor.java:106)
	at com.kms.katalon.core.main.TestCaseMain.startTestSuite(TestCaseMain.java:185)
	at com.kms.katalon.core.main.TestCaseMain$startTestSuite$0.call(Unknown Source)
	at TempTestSuite1680507442613.run(TempTestSuite1680507442613.groovy:36)
"/>
         <system-out><![CDATA[2023-04-03 14:37:57 - [TEST_CASE][ERROR] - Test Cases/SCENARIO/Setup and Configuration/Special Dates/SD_TC.004 Search _by end date: Test Cases/SCENARIO/Setup and Configuration/Special Dates/SD_TC.004 Search _by end date FAILED.
Reason:
org.codehaus.groovy.control.MultipleCompilationErrorsException: startup failed:
file:/D:/_Bayu%20Buana/BB_Automation/bb-internal-katalon/Scripts/SCENARIO/Setup%20and%20Configuration/Special%20Dates/SD_TC.004%20Search%20_by%20end%20date/Script1680503839203.groovy: 19: unable to resolve class com.github.javafaker.Faker
 @ line 19, column 1.
   import com.github.javafaker.Faker as Faker
   ^

1 error

	at com.kms.katalon.core.main.ScriptEngine.getScript(ScriptEngine.java:199)
	at com.kms.katalon.core.main.ScriptEngine.run(ScriptEngine.java:194)
	at com.kms.katalon.core.main.ScriptEngine.runScriptAsRawText(ScriptEngine.java:119)
	at com.kms.katalon.core.main.TestCaseExecutor.runScript(TestCaseExecutor.java:448)
	at com.kms.katalon.core.main.TestCaseExecutor.doExecute(TestCaseExecutor.java:439)
	at com.kms.katalon.core.main.TestCaseExecutor.processExecutionPhase(TestCaseExecutor.java:418)
	at com.kms.katalon.core.main.TestCaseExecutor.accessMainPhase(TestCaseExecutor.java:410)
	at com.kms.katalon.core.main.TestCaseExecutor.execute(TestCaseExecutor.java:285)
	at com.kms.katalon.core.common.CommonExecutor.accessTestCaseMainPhase(CommonExecutor.java:65)
	at com.kms.katalon.core.main.TestSuiteExecutor.accessTestSuiteMainPhase(TestSuiteExecutor.java:151)
	at com.kms.katalon.core.main.TestSuiteExecutor.execute(TestSuiteExecutor.java:106)
	at com.kms.katalon.core.main.TestCaseMain.startTestSuite(TestCaseMain.java:185)
	at com.kms.katalon.core.main.TestCaseMain$startTestSuite$0.call(Unknown Source)
	at TempTestSuite1680507442613.run(TempTestSuite1680507442613.groovy:36)]]></system-out>
         <system-err><![CDATA[2023-04-03 14:37:57 - [TEST_CASE][ERROR] - Test Cases/SCENARIO/Setup and Configuration/Special Dates/SD_TC.004 Search _by end date: Test Cases/SCENARIO/Setup and Configuration/Special Dates/SD_TC.004 Search _by end date FAILED.
Reason:
org.codehaus.groovy.control.MultipleCompilationErrorsException: startup failed:
file:/D:/_Bayu%20Buana/BB_Automation/bb-internal-katalon/Scripts/SCENARIO/Setup%20and%20Configuration/Special%20Dates/SD_TC.004%20Search%20_by%20end%20date/Script1680503839203.groovy: 19: unable to resolve class com.github.javafaker.Faker
 @ line 19, column 1.
   import com.github.javafaker.Faker as Faker
   ^

1 error

	at com.kms.katalon.core.main.ScriptEngine.getScript(ScriptEngine.java:199)
	at com.kms.katalon.core.main.ScriptEngine.run(ScriptEngine.java:194)
	at com.kms.katalon.core.main.ScriptEngine.runScriptAsRawText(ScriptEngine.java:119)
	at com.kms.katalon.core.main.TestCaseExecutor.runScript(TestCaseExecutor.java:448)
	at com.kms.katalon.core.main.TestCaseExecutor.doExecute(TestCaseExecutor.java:439)
	at com.kms.katalon.core.main.TestCaseExecutor.processExecutionPhase(TestCaseExecutor.java:418)
	at com.kms.katalon.core.main.TestCaseExecutor.accessMainPhase(TestCaseExecutor.java:410)
	at com.kms.katalon.core.main.TestCaseExecutor.execute(TestCaseExecutor.java:285)
	at com.kms.katalon.core.common.CommonExecutor.accessTestCaseMainPhase(CommonExecutor.java:65)
	at com.kms.katalon.core.main.TestSuiteExecutor.accessTestSuiteMainPhase(TestSuiteExecutor.java:151)
	at com.kms.katalon.core.main.TestSuiteExecutor.execute(TestSuiteExecutor.java:106)
	at com.kms.katalon.core.main.TestCaseMain.startTestSuite(TestCaseMain.java:185)
	at com.kms.katalon.core.main.TestCaseMain$startTestSuite$0.call(Unknown Source)
	at TempTestSuite1680507442613.run(TempTestSuite1680507442613.groovy:36)]]></system-err>
      </testcase>
      <testcase name="Test Cases/SCENARIO/Setup and Configuration/Special Dates/SD_TC.005 Search _with text more than 256 character" time="0.394" classname="Test Cases/SCENARIO/Setup and Configuration/Special Dates/SD_TC.005 Search _with text more than 256 character" status="ERROR">
         <error type="ERROR" message="Test Cases/SCENARIO/Setup and Configuration/Special Dates/SD_TC.005 Search _with text more than 256 character FAILED.
Reason:
org.codehaus.groovy.control.MultipleCompilationErrorsException: startup failed:
file:/D:/_Bayu%20Buana/BB_Automation/bb-internal-katalon/Scripts/SCENARIO/Setup%20and%20Configuration/Special%20Dates/SD_TC.005%20Search%20_with%20text%20more%20than%20256%20character/Script1680503839350.groovy: 19: unable to resolve class com.github.javafaker.Faker
 @ line 19, column 1.
   import com.github.javafaker.Faker as Faker
   ^

1 error

	at com.kms.katalon.core.main.ScriptEngine.getScript(ScriptEngine.java:199)
	at com.kms.katalon.core.main.ScriptEngine.run(ScriptEngine.java:194)
	at com.kms.katalon.core.main.ScriptEngine.runScriptAsRawText(ScriptEngine.java:119)
	at com.kms.katalon.core.main.TestCaseExecutor.runScript(TestCaseExecutor.java:448)
	at com.kms.katalon.core.main.TestCaseExecutor.doExecute(TestCaseExecutor.java:439)
	at com.kms.katalon.core.main.TestCaseExecutor.processExecutionPhase(TestCaseExecutor.java:418)
	at com.kms.katalon.core.main.TestCaseExecutor.accessMainPhase(TestCaseExecutor.java:410)
	at com.kms.katalon.core.main.TestCaseExecutor.execute(TestCaseExecutor.java:285)
	at com.kms.katalon.core.common.CommonExecutor.accessTestCaseMainPhase(CommonExecutor.java:65)
	at com.kms.katalon.core.main.TestSuiteExecutor.accessTestSuiteMainPhase(TestSuiteExecutor.java:151)
	at com.kms.katalon.core.main.TestSuiteExecutor.execute(TestSuiteExecutor.java:106)
	at com.kms.katalon.core.main.TestCaseMain.startTestSuite(TestCaseMain.java:185)
	at com.kms.katalon.core.main.TestCaseMain$startTestSuite$0.call(Unknown Source)
	at TempTestSuite1680507442613.run(TempTestSuite1680507442613.groovy:36)
"/>
         <system-out><![CDATA[2023-04-03 14:37:57 - [TEST_CASE][ERROR] - Test Cases/SCENARIO/Setup and Configuration/Special Dates/SD_TC.005 Search _with text more than 256 character: Test Cases/SCENARIO/Setup and Configuration/Special Dates/SD_TC.005 Search _with text more than 256 character FAILED.
Reason:
org.codehaus.groovy.control.MultipleCompilationErrorsException: startup failed:
file:/D:/_Bayu%20Buana/BB_Automation/bb-internal-katalon/Scripts/SCENARIO/Setup%20and%20Configuration/Special%20Dates/SD_TC.005%20Search%20_with%20text%20more%20than%20256%20character/Script1680503839350.groovy: 19: unable to resolve class com.github.javafaker.Faker
 @ line 19, column 1.
   import com.github.javafaker.Faker as Faker
   ^

1 error

	at com.kms.katalon.core.main.ScriptEngine.getScript(ScriptEngine.java:199)
	at com.kms.katalon.core.main.ScriptEngine.run(ScriptEngine.java:194)
	at com.kms.katalon.core.main.ScriptEngine.runScriptAsRawText(ScriptEngine.java:119)
	at com.kms.katalon.core.main.TestCaseExecutor.runScript(TestCaseExecutor.java:448)
	at com.kms.katalon.core.main.TestCaseExecutor.doExecute(TestCaseExecutor.java:439)
	at com.kms.katalon.core.main.TestCaseExecutor.processExecutionPhase(TestCaseExecutor.java:418)
	at com.kms.katalon.core.main.TestCaseExecutor.accessMainPhase(TestCaseExecutor.java:410)
	at com.kms.katalon.core.main.TestCaseExecutor.execute(TestCaseExecutor.java:285)
	at com.kms.katalon.core.common.CommonExecutor.accessTestCaseMainPhase(CommonExecutor.java:65)
	at com.kms.katalon.core.main.TestSuiteExecutor.accessTestSuiteMainPhase(TestSuiteExecutor.java:151)
	at com.kms.katalon.core.main.TestSuiteExecutor.execute(TestSuiteExecutor.java:106)
	at com.kms.katalon.core.main.TestCaseMain.startTestSuite(TestCaseMain.java:185)
	at com.kms.katalon.core.main.TestCaseMain$startTestSuite$0.call(Unknown Source)
	at TempTestSuite1680507442613.run(TempTestSuite1680507442613.groovy:36)]]></system-out>
         <system-err><![CDATA[2023-04-03 14:37:57 - [TEST_CASE][ERROR] - Test Cases/SCENARIO/Setup and Configuration/Special Dates/SD_TC.005 Search _with text more than 256 character: Test Cases/SCENARIO/Setup and Configuration/Special Dates/SD_TC.005 Search _with text more than 256 character FAILED.
Reason:
org.codehaus.groovy.control.MultipleCompilationErrorsException: startup failed:
file:/D:/_Bayu%20Buana/BB_Automation/bb-internal-katalon/Scripts/SCENARIO/Setup%20and%20Configuration/Special%20Dates/SD_TC.005%20Search%20_with%20text%20more%20than%20256%20character/Script1680503839350.groovy: 19: unable to resolve class com.github.javafaker.Faker
 @ line 19, column 1.
   import com.github.javafaker.Faker as Faker
   ^

1 error

	at com.kms.katalon.core.main.ScriptEngine.getScript(ScriptEngine.java:199)
	at com.kms.katalon.core.main.ScriptEngine.run(ScriptEngine.java:194)
	at com.kms.katalon.core.main.ScriptEngine.runScriptAsRawText(ScriptEngine.java:119)
	at com.kms.katalon.core.main.TestCaseExecutor.runScript(TestCaseExecutor.java:448)
	at com.kms.katalon.core.main.TestCaseExecutor.doExecute(TestCaseExecutor.java:439)
	at com.kms.katalon.core.main.TestCaseExecutor.processExecutionPhase(TestCaseExecutor.java:418)
	at com.kms.katalon.core.main.TestCaseExecutor.accessMainPhase(TestCaseExecutor.java:410)
	at com.kms.katalon.core.main.TestCaseExecutor.execute(TestCaseExecutor.java:285)
	at com.kms.katalon.core.common.CommonExecutor.accessTestCaseMainPhase(CommonExecutor.java:65)
	at com.kms.katalon.core.main.TestSuiteExecutor.accessTestSuiteMainPhase(TestSuiteExecutor.java:151)
	at com.kms.katalon.core.main.TestSuiteExecutor.execute(TestSuiteExecutor.java:106)
	at com.kms.katalon.core.main.TestCaseMain.startTestSuite(TestCaseMain.java:185)
	at com.kms.katalon.core.main.TestCaseMain$startTestSuite$0.call(Unknown Source)
	at TempTestSuite1680507442613.run(TempTestSuite1680507442613.groovy:36)]]></system-err>
      </testcase>
      <testcase name="Test Cases/SCENARIO/Setup and Configuration/Special Dates/SD_TC.006 Search _data does not exist" time="0.272" classname="Test Cases/SCENARIO/Setup and Configuration/Special Dates/SD_TC.006 Search _data does not exist" status="ERROR">
         <error type="ERROR" message="Test Cases/SCENARIO/Setup and Configuration/Special Dates/SD_TC.006 Search _data does not exist FAILED.
Reason:
org.codehaus.groovy.control.MultipleCompilationErrorsException: startup failed:
file:/D:/_Bayu%20Buana/BB_Automation/bb-internal-katalon/Scripts/SCENARIO/Setup%20and%20Configuration/Special%20Dates/SD_TC.006%20Search%20_data%20does%20not%20exist/Script1680503839488.groovy: 19: unable to resolve class com.github.javafaker.Faker
 @ line 19, column 1.
   import com.github.javafaker.Faker as Faker
   ^

1 error

	at com.kms.katalon.core.main.ScriptEngine.getScript(ScriptEngine.java:199)
	at com.kms.katalon.core.main.ScriptEngine.run(ScriptEngine.java:194)
	at com.kms.katalon.core.main.ScriptEngine.runScriptAsRawText(ScriptEngine.java:119)
	at com.kms.katalon.core.main.TestCaseExecutor.runScript(TestCaseExecutor.java:448)
	at com.kms.katalon.core.main.TestCaseExecutor.doExecute(TestCaseExecutor.java:439)
	at com.kms.katalon.core.main.TestCaseExecutor.processExecutionPhase(TestCaseExecutor.java:418)
	at com.kms.katalon.core.main.TestCaseExecutor.accessMainPhase(TestCaseExecutor.java:410)
	at com.kms.katalon.core.main.TestCaseExecutor.execute(TestCaseExecutor.java:285)
	at com.kms.katalon.core.common.CommonExecutor.accessTestCaseMainPhase(CommonExecutor.java:65)
	at com.kms.katalon.core.main.TestSuiteExecutor.accessTestSuiteMainPhase(TestSuiteExecutor.java:151)
	at com.kms.katalon.core.main.TestSuiteExecutor.execute(TestSuiteExecutor.java:106)
	at com.kms.katalon.core.main.TestCaseMain.startTestSuite(TestCaseMain.java:185)
	at com.kms.katalon.core.main.TestCaseMain$startTestSuite$0.call(Unknown Source)
	at TempTestSuite1680507442613.run(TempTestSuite1680507442613.groovy:36)
"/>
         <system-out><![CDATA[2023-04-03 14:37:58 - [TEST_CASE][ERROR] - Test Cases/SCENARIO/Setup and Configuration/Special Dates/SD_TC.006 Search _data does not exist: Test Cases/SCENARIO/Setup and Configuration/Special Dates/SD_TC.006 Search _data does not exist FAILED.
Reason:
org.codehaus.groovy.control.MultipleCompilationErrorsException: startup failed:
file:/D:/_Bayu%20Buana/BB_Automation/bb-internal-katalon/Scripts/SCENARIO/Setup%20and%20Configuration/Special%20Dates/SD_TC.006%20Search%20_data%20does%20not%20exist/Script1680503839488.groovy: 19: unable to resolve class com.github.javafaker.Faker
 @ line 19, column 1.
   import com.github.javafaker.Faker as Faker
   ^

1 error

	at com.kms.katalon.core.main.ScriptEngine.getScript(ScriptEngine.java:199)
	at com.kms.katalon.core.main.ScriptEngine.run(ScriptEngine.java:194)
	at com.kms.katalon.core.main.ScriptEngine.runScriptAsRawText(ScriptEngine.java:119)
	at com.kms.katalon.core.main.TestCaseExecutor.runScript(TestCaseExecutor.java:448)
	at com.kms.katalon.core.main.TestCaseExecutor.doExecute(TestCaseExecutor.java:439)
	at com.kms.katalon.core.main.TestCaseExecutor.processExecutionPhase(TestCaseExecutor.java:418)
	at com.kms.katalon.core.main.TestCaseExecutor.accessMainPhase(TestCaseExecutor.java:410)
	at com.kms.katalon.core.main.TestCaseExecutor.execute(TestCaseExecutor.java:285)
	at com.kms.katalon.core.common.CommonExecutor.accessTestCaseMainPhase(CommonExecutor.java:65)
	at com.kms.katalon.core.main.TestSuiteExecutor.accessTestSuiteMainPhase(TestSuiteExecutor.java:151)
	at com.kms.katalon.core.main.TestSuiteExecutor.execute(TestSuiteExecutor.java:106)
	at com.kms.katalon.core.main.TestCaseMain.startTestSuite(TestCaseMain.java:185)
	at com.kms.katalon.core.main.TestCaseMain$startTestSuite$0.call(Unknown Source)
	at TempTestSuite1680507442613.run(TempTestSuite1680507442613.groovy:36)]]></system-out>
         <system-err><![CDATA[2023-04-03 14:37:58 - [TEST_CASE][ERROR] - Test Cases/SCENARIO/Setup and Configuration/Special Dates/SD_TC.006 Search _data does not exist: Test Cases/SCENARIO/Setup and Configuration/Special Dates/SD_TC.006 Search _data does not exist FAILED.
Reason:
org.codehaus.groovy.control.MultipleCompilationErrorsException: startup failed:
file:/D:/_Bayu%20Buana/BB_Automation/bb-internal-katalon/Scripts/SCENARIO/Setup%20and%20Configuration/Special%20Dates/SD_TC.006%20Search%20_data%20does%20not%20exist/Script1680503839488.groovy: 19: unable to resolve class com.github.javafaker.Faker
 @ line 19, column 1.
   import com.github.javafaker.Faker as Faker
   ^

1 error

	at com.kms.katalon.core.main.ScriptEngine.getScript(ScriptEngine.java:199)
	at com.kms.katalon.core.main.ScriptEngine.run(ScriptEngine.java:194)
	at com.kms.katalon.core.main.ScriptEngine.runScriptAsRawText(ScriptEngine.java:119)
	at com.kms.katalon.core.main.TestCaseExecutor.runScript(TestCaseExecutor.java:448)
	at com.kms.katalon.core.main.TestCaseExecutor.doExecute(TestCaseExecutor.java:439)
	at com.kms.katalon.core.main.TestCaseExecutor.processExecutionPhase(TestCaseExecutor.java:418)
	at com.kms.katalon.core.main.TestCaseExecutor.accessMainPhase(TestCaseExecutor.java:410)
	at com.kms.katalon.core.main.TestCaseExecutor.execute(TestCaseExecutor.java:285)
	at com.kms.katalon.core.common.CommonExecutor.accessTestCaseMainPhase(CommonExecutor.java:65)
	at com.kms.katalon.core.main.TestSuiteExecutor.accessTestSuiteMainPhase(TestSuiteExecutor.java:151)
	at com.kms.katalon.core.main.TestSuiteExecutor.execute(TestSuiteExecutor.java:106)
	at com.kms.katalon.core.main.TestCaseMain.startTestSuite(TestCaseMain.java:185)
	at com.kms.katalon.core.main.TestCaseMain$startTestSuite$0.call(Unknown Source)
	at TempTestSuite1680507442613.run(TempTestSuite1680507442613.groovy:36)]]></system-err>
      </testcase>
      <testcase name="Test Cases/SCENARIO/Setup and Configuration/Special Dates/SD_TC.007 Filter" time="0.291" classname="Test Cases/SCENARIO/Setup and Configuration/Special Dates/SD_TC.007 Filter" status="ERROR">
         <error type="ERROR" message="Test Cases/SCENARIO/Setup and Configuration/Special Dates/SD_TC.007 Filter FAILED.
Reason:
org.codehaus.groovy.control.MultipleCompilationErrorsException: startup failed:
file:/D:/_Bayu%20Buana/BB_Automation/bb-internal-katalon/Scripts/SCENARIO/Setup%20and%20Configuration/Special%20Dates/SD_TC.007%20Filter/Script1680503839619.groovy: 38: unable to resolve class com.github.javafaker.Faker
 @ line 38, column 1.
   import com.github.javafaker.Faker as Faker
   ^

1 error

	at com.kms.katalon.core.main.ScriptEngine.getScript(ScriptEngine.java:199)
	at com.kms.katalon.core.main.ScriptEngine.run(ScriptEngine.java:194)
	at com.kms.katalon.core.main.ScriptEngine.runScriptAsRawText(ScriptEngine.java:119)
	at com.kms.katalon.core.main.TestCaseExecutor.runScript(TestCaseExecutor.java:448)
	at com.kms.katalon.core.main.TestCaseExecutor.doExecute(TestCaseExecutor.java:439)
	at com.kms.katalon.core.main.TestCaseExecutor.processExecutionPhase(TestCaseExecutor.java:418)
	at com.kms.katalon.core.main.TestCaseExecutor.accessMainPhase(TestCaseExecutor.java:410)
	at com.kms.katalon.core.main.TestCaseExecutor.execute(TestCaseExecutor.java:285)
	at com.kms.katalon.core.common.CommonExecutor.accessTestCaseMainPhase(CommonExecutor.java:65)
	at com.kms.katalon.core.main.TestSuiteExecutor.accessTestSuiteMainPhase(TestSuiteExecutor.java:151)
	at com.kms.katalon.core.main.TestSuiteExecutor.execute(TestSuiteExecutor.java:106)
	at com.kms.katalon.core.main.TestCaseMain.startTestSuite(TestCaseMain.java:185)
	at com.kms.katalon.core.main.TestCaseMain$startTestSuite$0.call(Unknown Source)
	at TempTestSuite1680507442613.run(TempTestSuite1680507442613.groovy:36)
"/>
         <system-out><![CDATA[2023-04-03 14:37:58 - [TEST_CASE][ERROR] - Test Cases/SCENARIO/Setup and Configuration/Special Dates/SD_TC.007 Filter: Test Cases/SCENARIO/Setup and Configuration/Special Dates/SD_TC.007 Filter FAILED.
Reason:
org.codehaus.groovy.control.MultipleCompilationErrorsException: startup failed:
file:/D:/_Bayu%20Buana/BB_Automation/bb-internal-katalon/Scripts/SCENARIO/Setup%20and%20Configuration/Special%20Dates/SD_TC.007%20Filter/Script1680503839619.groovy: 38: unable to resolve class com.github.javafaker.Faker
 @ line 38, column 1.
   import com.github.javafaker.Faker as Faker
   ^

1 error

	at com.kms.katalon.core.main.ScriptEngine.getScript(ScriptEngine.java:199)
	at com.kms.katalon.core.main.ScriptEngine.run(ScriptEngine.java:194)
	at com.kms.katalon.core.main.ScriptEngine.runScriptAsRawText(ScriptEngine.java:119)
	at com.kms.katalon.core.main.TestCaseExecutor.runScript(TestCaseExecutor.java:448)
	at com.kms.katalon.core.main.TestCaseExecutor.doExecute(TestCaseExecutor.java:439)
	at com.kms.katalon.core.main.TestCaseExecutor.processExecutionPhase(TestCaseExecutor.java:418)
	at com.kms.katalon.core.main.TestCaseExecutor.accessMainPhase(TestCaseExecutor.java:410)
	at com.kms.katalon.core.main.TestCaseExecutor.execute(TestCaseExecutor.java:285)
	at com.kms.katalon.core.common.CommonExecutor.accessTestCaseMainPhase(CommonExecutor.java:65)
	at com.kms.katalon.core.main.TestSuiteExecutor.accessTestSuiteMainPhase(TestSuiteExecutor.java:151)
	at com.kms.katalon.core.main.TestSuiteExecutor.execute(TestSuiteExecutor.java:106)
	at com.kms.katalon.core.main.TestCaseMain.startTestSuite(TestCaseMain.java:185)
	at com.kms.katalon.core.main.TestCaseMain$startTestSuite$0.call(Unknown Source)
	at TempTestSuite1680507442613.run(TempTestSuite1680507442613.groovy:36)]]></system-out>
         <system-err><![CDATA[2023-04-03 14:37:58 - [TEST_CASE][ERROR] - Test Cases/SCENARIO/Setup and Configuration/Special Dates/SD_TC.007 Filter: Test Cases/SCENARIO/Setup and Configuration/Special Dates/SD_TC.007 Filter FAILED.
Reason:
org.codehaus.groovy.control.MultipleCompilationErrorsException: startup failed:
file:/D:/_Bayu%20Buana/BB_Automation/bb-internal-katalon/Scripts/SCENARIO/Setup%20and%20Configuration/Special%20Dates/SD_TC.007%20Filter/Script1680503839619.groovy: 38: unable to resolve class com.github.javafaker.Faker
 @ line 38, column 1.
   import com.github.javafaker.Faker as Faker
   ^

1 error

	at com.kms.katalon.core.main.ScriptEngine.getScript(ScriptEngine.java:199)
	at com.kms.katalon.core.main.ScriptEngine.run(ScriptEngine.java:194)
	at com.kms.katalon.core.main.ScriptEngine.runScriptAsRawText(ScriptEngine.java:119)
	at com.kms.katalon.core.main.TestCaseExecutor.runScript(TestCaseExecutor.java:448)
	at com.kms.katalon.core.main.TestCaseExecutor.doExecute(TestCaseExecutor.java:439)
	at com.kms.katalon.core.main.TestCaseExecutor.processExecutionPhase(TestCaseExecutor.java:418)
	at com.kms.katalon.core.main.TestCaseExecutor.accessMainPhase(TestCaseExecutor.java:410)
	at com.kms.katalon.core.main.TestCaseExecutor.execute(TestCaseExecutor.java:285)
	at com.kms.katalon.core.common.CommonExecutor.accessTestCaseMainPhase(CommonExecutor.java:65)
	at com.kms.katalon.core.main.TestSuiteExecutor.accessTestSuiteMainPhase(TestSuiteExecutor.java:151)
	at com.kms.katalon.core.main.TestSuiteExecutor.execute(TestSuiteExecutor.java:106)
	at com.kms.katalon.core.main.TestCaseMain.startTestSuite(TestCaseMain.java:185)
	at com.kms.katalon.core.main.TestCaseMain$startTestSuite$0.call(Unknown Source)
	at TempTestSuite1680507442613.run(TempTestSuite1680507442613.groovy:36)]]></system-err>
      </testcase>
      <testcase name="Test Cases/SCENARIO/Setup and Configuration/Special Dates/SD_TC.008 Filter _reset filter" time="0.292" classname="Test Cases/SCENARIO/Setup and Configuration/Special Dates/SD_TC.008 Filter _reset filter" status="ERROR">
         <error type="ERROR" message="Test Cases/SCENARIO/Setup and Configuration/Special Dates/SD_TC.008 Filter _reset filter FAILED.
Reason:
org.codehaus.groovy.control.MultipleCompilationErrorsException: startup failed:
file:/D:/_Bayu%20Buana/BB_Automation/bb-internal-katalon/Scripts/SCENARIO/Setup%20and%20Configuration/Special%20Dates/SD_TC.008%20Filter%20_reset%20filter/Script1680503839751.groovy: 38: unable to resolve class com.github.javafaker.Faker
 @ line 38, column 1.
   import com.github.javafaker.Faker as Faker
   ^

1 error

	at com.kms.katalon.core.main.ScriptEngine.getScript(ScriptEngine.java:199)
	at com.kms.katalon.core.main.ScriptEngine.run(ScriptEngine.java:194)
	at com.kms.katalon.core.main.ScriptEngine.runScriptAsRawText(ScriptEngine.java:119)
	at com.kms.katalon.core.main.TestCaseExecutor.runScript(TestCaseExecutor.java:448)
	at com.kms.katalon.core.main.TestCaseExecutor.doExecute(TestCaseExecutor.java:439)
	at com.kms.katalon.core.main.TestCaseExecutor.processExecutionPhase(TestCaseExecutor.java:418)
	at com.kms.katalon.core.main.TestCaseExecutor.accessMainPhase(TestCaseExecutor.java:410)
	at com.kms.katalon.core.main.TestCaseExecutor.execute(TestCaseExecutor.java:285)
	at com.kms.katalon.core.common.CommonExecutor.accessTestCaseMainPhase(CommonExecutor.java:65)
	at com.kms.katalon.core.main.TestSuiteExecutor.accessTestSuiteMainPhase(TestSuiteExecutor.java:151)
	at com.kms.katalon.core.main.TestSuiteExecutor.execute(TestSuiteExecutor.java:106)
	at com.kms.katalon.core.main.TestCaseMain.startTestSuite(TestCaseMain.java:185)
	at com.kms.katalon.core.main.TestCaseMain$startTestSuite$0.call(Unknown Source)
	at TempTestSuite1680507442613.run(TempTestSuite1680507442613.groovy:36)
"/>
         <system-out><![CDATA[2023-04-03 14:37:58 - [TEST_CASE][ERROR] - Test Cases/SCENARIO/Setup and Configuration/Special Dates/SD_TC.008 Filter _reset filter: Test Cases/SCENARIO/Setup and Configuration/Special Dates/SD_TC.008 Filter _reset filter FAILED.
Reason:
org.codehaus.groovy.control.MultipleCompilationErrorsException: startup failed:
file:/D:/_Bayu%20Buana/BB_Automation/bb-internal-katalon/Scripts/SCENARIO/Setup%20and%20Configuration/Special%20Dates/SD_TC.008%20Filter%20_reset%20filter/Script1680503839751.groovy: 38: unable to resolve class com.github.javafaker.Faker
 @ line 38, column 1.
   import com.github.javafaker.Faker as Faker
   ^

1 error

	at com.kms.katalon.core.main.ScriptEngine.getScript(ScriptEngine.java:199)
	at com.kms.katalon.core.main.ScriptEngine.run(ScriptEngine.java:194)
	at com.kms.katalon.core.main.ScriptEngine.runScriptAsRawText(ScriptEngine.java:119)
	at com.kms.katalon.core.main.TestCaseExecutor.runScript(TestCaseExecutor.java:448)
	at com.kms.katalon.core.main.TestCaseExecutor.doExecute(TestCaseExecutor.java:439)
	at com.kms.katalon.core.main.TestCaseExecutor.processExecutionPhase(TestCaseExecutor.java:418)
	at com.kms.katalon.core.main.TestCaseExecutor.accessMainPhase(TestCaseExecutor.java:410)
	at com.kms.katalon.core.main.TestCaseExecutor.execute(TestCaseExecutor.java:285)
	at com.kms.katalon.core.common.CommonExecutor.accessTestCaseMainPhase(CommonExecutor.java:65)
	at com.kms.katalon.core.main.TestSuiteExecutor.accessTestSuiteMainPhase(TestSuiteExecutor.java:151)
	at com.kms.katalon.core.main.TestSuiteExecutor.execute(TestSuiteExecutor.java:106)
	at com.kms.katalon.core.main.TestCaseMain.startTestSuite(TestCaseMain.java:185)
	at com.kms.katalon.core.main.TestCaseMain$startTestSuite$0.call(Unknown Source)
	at TempTestSuite1680507442613.run(TempTestSuite1680507442613.groovy:36)]]></system-out>
         <system-err><![CDATA[2023-04-03 14:37:58 - [TEST_CASE][ERROR] - Test Cases/SCENARIO/Setup and Configuration/Special Dates/SD_TC.008 Filter _reset filter: Test Cases/SCENARIO/Setup and Configuration/Special Dates/SD_TC.008 Filter _reset filter FAILED.
Reason:
org.codehaus.groovy.control.MultipleCompilationErrorsException: startup failed:
file:/D:/_Bayu%20Buana/BB_Automation/bb-internal-katalon/Scripts/SCENARIO/Setup%20and%20Configuration/Special%20Dates/SD_TC.008%20Filter%20_reset%20filter/Script1680503839751.groovy: 38: unable to resolve class com.github.javafaker.Faker
 @ line 38, column 1.
   import com.github.javafaker.Faker as Faker
   ^

1 error

	at com.kms.katalon.core.main.ScriptEngine.getScript(ScriptEngine.java:199)
	at com.kms.katalon.core.main.ScriptEngine.run(ScriptEngine.java:194)
	at com.kms.katalon.core.main.ScriptEngine.runScriptAsRawText(ScriptEngine.java:119)
	at com.kms.katalon.core.main.TestCaseExecutor.runScript(TestCaseExecutor.java:448)
	at com.kms.katalon.core.main.TestCaseExecutor.doExecute(TestCaseExecutor.java:439)
	at com.kms.katalon.core.main.TestCaseExecutor.processExecutionPhase(TestCaseExecutor.java:418)
	at com.kms.katalon.core.main.TestCaseExecutor.accessMainPhase(TestCaseExecutor.java:410)
	at com.kms.katalon.core.main.TestCaseExecutor.execute(TestCaseExecutor.java:285)
	at com.kms.katalon.core.common.CommonExecutor.accessTestCaseMainPhase(CommonExecutor.java:65)
	at com.kms.katalon.core.main.TestSuiteExecutor.accessTestSuiteMainPhase(TestSuiteExecutor.java:151)
	at com.kms.katalon.core.main.TestSuiteExecutor.execute(TestSuiteExecutor.java:106)
	at com.kms.katalon.core.main.TestCaseMain.startTestSuite(TestCaseMain.java:185)
	at com.kms.katalon.core.main.TestCaseMain$startTestSuite$0.call(Unknown Source)
	at TempTestSuite1680507442613.run(TempTestSuite1680507442613.groovy:36)]]></system-err>
      </testcase>
      <testcase name="Test Cases/SCENARIO/Setup and Configuration/Special Dates/SD_TC.009 View Calendar" time="0.252" classname="Test Cases/SCENARIO/Setup and Configuration/Special Dates/SD_TC.009 View Calendar" status="ERROR">
         <error type="ERROR" message="Test Cases/SCENARIO/Setup and Configuration/Special Dates/SD_TC.009 View Calendar FAILED.
Reason:
org.codehaus.groovy.control.MultipleCompilationErrorsException: startup failed:
file:/D:/_Bayu%20Buana/BB_Automation/bb-internal-katalon/Scripts/SCENARIO/Setup%20and%20Configuration/Special%20Dates/SD_TC.009%20View%20Calendar/Script1680503839889.groovy: 38: unable to resolve class com.github.javafaker.Faker
 @ line 38, column 1.
   import com.github.javafaker.Faker as Faker
   ^

1 error

	at com.kms.katalon.core.main.ScriptEngine.getScript(ScriptEngine.java:199)
	at com.kms.katalon.core.main.ScriptEngine.run(ScriptEngine.java:194)
	at com.kms.katalon.core.main.ScriptEngine.runScriptAsRawText(ScriptEngine.java:119)
	at com.kms.katalon.core.main.TestCaseExecutor.runScript(TestCaseExecutor.java:448)
	at com.kms.katalon.core.main.TestCaseExecutor.doExecute(TestCaseExecutor.java:439)
	at com.kms.katalon.core.main.TestCaseExecutor.processExecutionPhase(TestCaseExecutor.java:418)
	at com.kms.katalon.core.main.TestCaseExecutor.accessMainPhase(TestCaseExecutor.java:410)
	at com.kms.katalon.core.main.TestCaseExecutor.execute(TestCaseExecutor.java:285)
	at com.kms.katalon.core.common.CommonExecutor.accessTestCaseMainPhase(CommonExecutor.java:65)
	at com.kms.katalon.core.main.TestSuiteExecutor.accessTestSuiteMainPhase(TestSuiteExecutor.java:151)
	at com.kms.katalon.core.main.TestSuiteExecutor.execute(TestSuiteExecutor.java:106)
	at com.kms.katalon.core.main.TestCaseMain.startTestSuite(TestCaseMain.java:185)
	at com.kms.katalon.core.main.TestCaseMain$startTestSuite$0.call(Unknown Source)
	at TempTestSuite1680507442613.run(TempTestSuite1680507442613.groovy:36)
"/>
         <system-out><![CDATA[2023-04-03 14:37:59 - [TEST_CASE][ERROR] - Test Cases/SCENARIO/Setup and Configuration/Special Dates/SD_TC.009 View Calendar: Test Cases/SCENARIO/Setup and Configuration/Special Dates/SD_TC.009 View Calendar FAILED.
Reason:
org.codehaus.groovy.control.MultipleCompilationErrorsException: startup failed:
file:/D:/_Bayu%20Buana/BB_Automation/bb-internal-katalon/Scripts/SCENARIO/Setup%20and%20Configuration/Special%20Dates/SD_TC.009%20View%20Calendar/Script1680503839889.groovy: 38: unable to resolve class com.github.javafaker.Faker
 @ line 38, column 1.
   import com.github.javafaker.Faker as Faker
   ^

1 error

	at com.kms.katalon.core.main.ScriptEngine.getScript(ScriptEngine.java:199)
	at com.kms.katalon.core.main.ScriptEngine.run(ScriptEngine.java:194)
	at com.kms.katalon.core.main.ScriptEngine.runScriptAsRawText(ScriptEngine.java:119)
	at com.kms.katalon.core.main.TestCaseExecutor.runScript(TestCaseExecutor.java:448)
	at com.kms.katalon.core.main.TestCaseExecutor.doExecute(TestCaseExecutor.java:439)
	at com.kms.katalon.core.main.TestCaseExecutor.processExecutionPhase(TestCaseExecutor.java:418)
	at com.kms.katalon.core.main.TestCaseExecutor.accessMainPhase(TestCaseExecutor.java:410)
	at com.kms.katalon.core.main.TestCaseExecutor.execute(TestCaseExecutor.java:285)
	at com.kms.katalon.core.common.CommonExecutor.accessTestCaseMainPhase(CommonExecutor.java:65)
	at com.kms.katalon.core.main.TestSuiteExecutor.accessTestSuiteMainPhase(TestSuiteExecutor.java:151)
	at com.kms.katalon.core.main.TestSuiteExecutor.execute(TestSuiteExecutor.java:106)
	at com.kms.katalon.core.main.TestCaseMain.startTestSuite(TestCaseMain.java:185)
	at com.kms.katalon.core.main.TestCaseMain$startTestSuite$0.call(Unknown Source)
	at TempTestSuite1680507442613.run(TempTestSuite1680507442613.groovy:36)]]></system-out>
         <system-err><![CDATA[2023-04-03 14:37:59 - [TEST_CASE][ERROR] - Test Cases/SCENARIO/Setup and Configuration/Special Dates/SD_TC.009 View Calendar: Test Cases/SCENARIO/Setup and Configuration/Special Dates/SD_TC.009 View Calendar FAILED.
Reason:
org.codehaus.groovy.control.MultipleCompilationErrorsException: startup failed:
file:/D:/_Bayu%20Buana/BB_Automation/bb-internal-katalon/Scripts/SCENARIO/Setup%20and%20Configuration/Special%20Dates/SD_TC.009%20View%20Calendar/Script1680503839889.groovy: 38: unable to resolve class com.github.javafaker.Faker
 @ line 38, column 1.
   import com.github.javafaker.Faker as Faker
   ^

1 error

	at com.kms.katalon.core.main.ScriptEngine.getScript(ScriptEngine.java:199)
	at com.kms.katalon.core.main.ScriptEngine.run(ScriptEngine.java:194)
	at com.kms.katalon.core.main.ScriptEngine.runScriptAsRawText(ScriptEngine.java:119)
	at com.kms.katalon.core.main.TestCaseExecutor.runScript(TestCaseExecutor.java:448)
	at com.kms.katalon.core.main.TestCaseExecutor.doExecute(TestCaseExecutor.java:439)
	at com.kms.katalon.core.main.TestCaseExecutor.processExecutionPhase(TestCaseExecutor.java:418)
	at com.kms.katalon.core.main.TestCaseExecutor.accessMainPhase(TestCaseExecutor.java:410)
	at com.kms.katalon.core.main.TestCaseExecutor.execute(TestCaseExecutor.java:285)
	at com.kms.katalon.core.common.CommonExecutor.accessTestCaseMainPhase(CommonExecutor.java:65)
	at com.kms.katalon.core.main.TestSuiteExecutor.accessTestSuiteMainPhase(TestSuiteExecutor.java:151)
	at com.kms.katalon.core.main.TestSuiteExecutor.execute(TestSuiteExecutor.java:106)
	at com.kms.katalon.core.main.TestCaseMain.startTestSuite(TestCaseMain.java:185)
	at com.kms.katalon.core.main.TestCaseMain$startTestSuite$0.call(Unknown Source)
	at TempTestSuite1680507442613.run(TempTestSuite1680507442613.groovy:36)]]></system-err>
      </testcase>
      <testcase name="Test Cases/SCENARIO/Setup and Configuration/Special Dates/SD_TC.020 Create New _field name already exists in the same year up and low case" time="0.337" classname="Test Cases/SCENARIO/Setup and Configuration/Special Dates/SD_TC.020 Create New _field name already exists in the same year up and low case" status="ERROR">
         <error type="ERROR" message="Test Cases/SCENARIO/Setup and Configuration/Special Dates/SD_TC.020 Create New _field name already exists in the same year up and low case FAILED.
Reason:
org.codehaus.groovy.control.MultipleCompilationErrorsException: startup failed:
file:/D:/_Bayu%20Buana/BB_Automation/bb-internal-katalon/Scripts/SCENARIO/Setup%20and%20Configuration/Special%20Dates/SD_TC.020%20Create%20New%20_field%20name%20already%20exists%20in%20the%20same%20year%20up%20and%20low%20case/Script1680503840021.groovy: 38: unable to resolve class com.github.javafaker.Faker
 @ line 38, column 1.
   import com.github.javafaker.Faker as Faker
   ^

1 error

	at com.kms.katalon.core.main.ScriptEngine.getScript(ScriptEngine.java:199)
	at com.kms.katalon.core.main.ScriptEngine.run(ScriptEngine.java:194)
	at com.kms.katalon.core.main.ScriptEngine.runScriptAsRawText(ScriptEngine.java:119)
	at com.kms.katalon.core.main.TestCaseExecutor.runScript(TestCaseExecutor.java:448)
	at com.kms.katalon.core.main.TestCaseExecutor.doExecute(TestCaseExecutor.java:439)
	at com.kms.katalon.core.main.TestCaseExecutor.processExecutionPhase(TestCaseExecutor.java:418)
	at com.kms.katalon.core.main.TestCaseExecutor.accessMainPhase(TestCaseExecutor.java:410)
	at com.kms.katalon.core.main.TestCaseExecutor.execute(TestCaseExecutor.java:285)
	at com.kms.katalon.core.common.CommonExecutor.accessTestCaseMainPhase(CommonExecutor.java:65)
	at com.kms.katalon.core.main.TestSuiteExecutor.accessTestSuiteMainPhase(TestSuiteExecutor.java:151)
	at com.kms.katalon.core.main.TestSuiteExecutor.execute(TestSuiteExecutor.java:106)
	at com.kms.katalon.core.main.TestCaseMain.startTestSuite(TestCaseMain.java:185)
	at com.kms.katalon.core.main.TestCaseMain$startTestSuite$0.call(Unknown Source)
	at TempTestSuite1680507442613.run(TempTestSuite1680507442613.groovy:36)
"/>
         <system-out><![CDATA[2023-04-03 14:37:59 - [TEST_CASE][ERROR] - Test Cases/SCENARIO/Setup and Configuration/Special Dates/SD_TC.020 Create New _field name already exists in the same year up and low case: Test Cases/SCENARIO/Setup and Configuration/Special Dates/SD_TC.020 Create New _field name already exists in the same year up and low case FAILED.
Reason:
org.codehaus.groovy.control.MultipleCompilationErrorsException: startup failed:
file:/D:/_Bayu%20Buana/BB_Automation/bb-internal-katalon/Scripts/SCENARIO/Setup%20and%20Configuration/Special%20Dates/SD_TC.020%20Create%20New%20_field%20name%20already%20exists%20in%20the%20same%20year%20up%20and%20low%20case/Script1680503840021.groovy: 38: unable to resolve class com.github.javafaker.Faker
 @ line 38, column 1.
   import com.github.javafaker.Faker as Faker
   ^

1 error

	at com.kms.katalon.core.main.ScriptEngine.getScript(ScriptEngine.java:199)
	at com.kms.katalon.core.main.ScriptEngine.run(ScriptEngine.java:194)
	at com.kms.katalon.core.main.ScriptEngine.runScriptAsRawText(ScriptEngine.java:119)
	at com.kms.katalon.core.main.TestCaseExecutor.runScript(TestCaseExecutor.java:448)
	at com.kms.katalon.core.main.TestCaseExecutor.doExecute(TestCaseExecutor.java:439)
	at com.kms.katalon.core.main.TestCaseExecutor.processExecutionPhase(TestCaseExecutor.java:418)
	at com.kms.katalon.core.main.TestCaseExecutor.accessMainPhase(TestCaseExecutor.java:410)
	at com.kms.katalon.core.main.TestCaseExecutor.execute(TestCaseExecutor.java:285)
	at com.kms.katalon.core.common.CommonExecutor.accessTestCaseMainPhase(CommonExecutor.java:65)
	at com.kms.katalon.core.main.TestSuiteExecutor.accessTestSuiteMainPhase(TestSuiteExecutor.java:151)
	at com.kms.katalon.core.main.TestSuiteExecutor.execute(TestSuiteExecutor.java:106)
	at com.kms.katalon.core.main.TestCaseMain.startTestSuite(TestCaseMain.java:185)
	at com.kms.katalon.core.main.TestCaseMain$startTestSuite$0.call(Unknown Source)
	at TempTestSuite1680507442613.run(TempTestSuite1680507442613.groovy:36)]]></system-out>
         <system-err><![CDATA[2023-04-03 14:37:59 - [TEST_CASE][ERROR] - Test Cases/SCENARIO/Setup and Configuration/Special Dates/SD_TC.020 Create New _field name already exists in the same year up and low case: Test Cases/SCENARIO/Setup and Configuration/Special Dates/SD_TC.020 Create New _field name already exists in the same year up and low case FAILED.
Reason:
org.codehaus.groovy.control.MultipleCompilationErrorsException: startup failed:
[...]

2023-04-03 14:41:06 - [TEST_STEP][PASSED] - referenceValuesDesc.add(tableValuesDesc.get(i)): null

2023-04-03 14:41:06 - [TEST_STEP][PASSED] - referenceValuesDesc.add(tableValuesDesc.get(i)): null

2023-04-03 14:41:06 - [TEST_STEP][PASSED] - referenceValuesDesc.add(tableValuesDesc.get(i)): null

2023-04-03 14:41:06 - [TEST_STEP][PASSED] - referenceValuesDesc.add(tableValuesDesc.get(i)): null

2023-04-03 14:41:06 - [TEST_STEP][PASSED] - referenceValuesDesc.add(tableValuesDesc.get(i)): null

2023-04-03 14:41:06 - [TEST_STEP][PASSED] - referenceValuesDesc.add(tableValuesDesc.get(i)): null

2023-04-03 14:41:06 - [TEST_STEP][PASSED] - referenceValuesDesc.add(tableValuesDesc.get(i)): null

2023-04-03 14:41:06 - [TEST_STEP][PASSED] - Collections.sort(referenceValuesDesc, Collections.reverseOrder()): null

2023-04-03 14:41:06 - [TEST_STEP][PASSED] - out.println(referenceValuesDesc): null

2023-04-03 14:41:06 - [TEST_STEP][PASSED] - assert referenceValuesDesc.equals(tableValuesDesc): null

2023-04-03 14:41:06 - [TEST_STEP][PASSED] - takeScreenshot(): Taking screenshot successfully

2023-04-03 14:41:07 - [MESSAGE][PASSED] - Taking screenshot successfully
[[ATTACHMENT|D:\\_Bayu Buana\\BB_Automation\\bb-internal-katalon\\Reports\\20230403_143722\\RUN\\20230403_143722\\1680507667039.png]]

2023-04-03 14:41:07 - [TEST_STEP][PASSED] - closeBrowser(): Browser is closed

2023-04-03 14:41:07 - [MESSAGE][PASSED] - Browser is closed]]></system-out>
         <system-err><![CDATA[]]></system-err>
      </testcase>
      <testcase name="Test Cases/SCENARIO/Setup and Configuration/Special Dates/SD_TC.064 Pagination Special Dates" time="21.554" classname="Test Cases/SCENARIO/Setup and Configuration/Special Dates/SD_TC.064 Pagination Special Dates" status="PASSED">
         <system-out><![CDATA[2023-04-03 14:41:07 - [TEST_CASE][PASSED] - Test Cases/SCENARIO/Setup and Configuration/Special Dates/SD_TC.064 Pagination Special Dates: Test Cases/SCENARIO/Setup and Configuration/Special Dates/SD_TC.064 Pagination Special Dates

2023-04-03 14:41:08 - [TEST_STEP][PASSED] - callTestCase(findTestCase("login_internal"), [:], STOP_ON_FAILURE): Call Test Case 'Test Cases/login_internal' successfully

2023-04-03 14:41:08 - [TEST_CASE][PASSED] - Test Cases/login_internal: Test Cases/login_internal

2023-04-03 14:41:08 - [TEST_STEP][PASSED] - openBrowser(url_login): Browser is opened with url: 'https://bbstg.monstercode.net/auth/login'

2023-04-03 14:41:08 - [MESSAGE][INFO] - Starting 'Chrome' driver

2023-04-03 14:41:08 - [MESSAGE][INFO] - Action delay is set to 0 milliseconds

2023-04-03 14:41:17 - [MESSAGE][PASSED] - Browser is opened with url: 'https://bbstg.monstercode.net/auth/login'

2023-04-03 14:41:17 - [TEST_STEP][PASSED] - maximizeWindow(): Current window maximized

2023-04-03 14:41:17 - [MESSAGE][PASSED] - Current window maximized

2023-04-03 14:41:17 - [TEST_STEP][PASSED] - setText(findTestObject("Object Repository/Log_In/input_Email_username"), user_corporate): Text 'coba.dilain@gmail.com' is set on object 'Object Repository/Log_In/input_Email_username'

2023-04-03 14:41:18 - [MESSAGE][PASSED] - Text 'coba.dilain@gmail.com' is set on object 'Object Repository/Log_In/input_Email_username'

2023-04-03 14:41:18 - [TEST_STEP][PASSED] - setEncryptedText(findTestObject("Object Repository/Log_In/input_Password"), pass_corporate_encrypted): Text ****** has been set on object 'Object Repository/Log_In/input_Password'

2023-04-03 14:41:19 - [MESSAGE][PASSED] - Text ****** has been set on object 'Object Repository/Log_In/input_Password'

2023-04-03 14:41:19 - [TEST_STEP][PASSED] - click(findTestObject("Object Repository/Log_In/btn_sign_in")): Object: 'Object Repository/Log_In/btn_sign_in' is clicked on

2023-04-03 14:41:19 - [MESSAGE][PASSED] - Object: 'Object Repository/Log_In/btn_sign_in' is clicked on

2023-04-03 14:41:19 - [MESSAGE][PASSED] - Call Test Case 'Test Cases/login_internal' successfully

2023-04-03 14:41:19 - [TEST_STEP][PASSED] - click(findTestObject("Object Repository/special_dates/dashboardBtn")): Object: 'Object Repository/special_dates/dashboardBtn' is clicked on

2023-04-03 14:41:22 - [MESSAGE][PASSED] - Object: 'Object Repository/special_dates/dashboardBtn' is clicked on

2023-04-03 14:41:22 - [TEST_STEP][PASSED] - click(findTestObject("Object Repository/special_dates/setupAndConfMenu")): Object: 'Object Repository/special_dates/setupAndConfMenu' is clicked on

2023-04-03 14:41:23 - [MESSAGE][PASSED] - Object: 'Object Repository/special_dates/setupAndConfMenu' is clicked on

2023-04-03 14:41:23 - [TEST_STEP][PASSED] - click(findTestObject("Object Repository/special_dates/special_date_subMenu")): Object: 'Object Repository/special_dates/special_date_subMenu' is clicked on

2023-04-03 14:41:24 - [MESSAGE][PASSED] - Object: 'Object Repository/special_dates/special_date_subMenu' is clicked on

2023-04-03 14:41:24 - [TEST_STEP][PASSED] - click(findTestObject("Object Repository/special_dates/breadcrumb")): Object: 'Object Repository/special_dates/breadcrumb' is clicked on

2023-04-03 14:41:25 - [MESSAGE][PASSED] - Object: 'Object Repository/special_dates/breadcrumb' is clicked on

2023-04-03 14:41:25 - [TEST_STEP][PASSED] - verifyElementPresent(findTestObject("Object Repository/special_dates/h1_title_sd"), 0): Object 'Object Repository/special_dates/h1_title_sd' is present

2023-04-03 14:41:25 - [MESSAGE][WARNING] - Timeout '0' is invalid. Using default page load timeout: '30'

2023-04-03 14:41:25 - [MESSAGE][PASSED] - Object 'Object Repository/special_dates/h1_title_sd' is present

2023-04-03 14:41:25 - [TEST_STEP][PASSED] - selectorType = new com.kms.katalon.core.testobject.TestObject(): null

2023-04-03 14:41:25 - [TEST_STEP][PASSED] - selectorType.addProperty("css", EQUALS, ".page-link"): null

2023-04-03 14:41:25 - [TEST_STEP][PASSED] - typeList = findWebElements(selectorType, 30): null

2023-04-03 14:41:26 - [TEST_STEP][PASSED] - size = typeList.size(): null

2023-04-03 14:41:26 - [TEST_STEP][PASSED] - selectorType2 = new com.kms.katalon.core.testobject.TestObject(): null

2023-04-03 14:41:26 - [TEST_STEP][PASSED] - selectorType2.addProperty("xpath", EQUALS, "//li[@class='paginate_button page-item next disabled']"): null

2023-04-03 14:41:26 - [TEST_STEP][PASSED] - if (verifyElementNotPresent(selectorType2, 1, OPTIONAL)): Web element with id: '' located by 'By.xpath: //li[@class='paginate_button page-item next disabled']' is present after '1' second(s) (Root cause: com.kms.katalon.core.exception.StepFailedException: Web element with id: '' located by 'By.xpath: //li[@class='paginate_button page-item next disabled']' is present after '1' second(s)
	at com.kms.katalon.core.webui.keyword.internal.WebUIKeywordMain.stepFailed(WebUIKeywordMain.groovy:64)
	at com.kms.katalon.core.webui.keyword.internal.WebUIKeywordMain$stepFailed$0.call(Unknown Source)
	at com.kms.katalon.core.webui.keyword.builtin.VerifyElementNotPresentKeyword$_verifyElementNotPresent_closure1.doCall(VerifyElementNotPresentKeyword.groovy:106)
	at com.kms.katalon.core.webui.keyword.builtin.VerifyElementNotPresentKeyword$_verifyElementNotPresent_closure1.doCall(VerifyElementNotPresentKeyword.groovy)
	at com.kms.katalon.core.webui.keyword.internal.WebUIKeywordMain.runKeyword(WebUIKeywordMain.groovy:20)
	at com.kms.katalon.core.webui.keyword.internal.WebUIKeywordMain$runKeyword.call(Unknown Source)
	at com.kms.katalon.core.webui.keyword.builtin.VerifyElementNotPresentKeyword.verifyElementNotPresent(VerifyElementNotPresentKeyword.groovy:117)
	at com.kms.katalon.core.webui.keyword.builtin.VerifyElementNotPresentKeyword.execute(VerifyElementNotPresentKeyword.groovy:68)
	at com.kms.katalon.core.keyword.internal.KeywordExecutor.executeKeywordForPlatform(KeywordExecutor.groovy:74)
	at com.kms.katalon.core.webui.keyword.WebUiBuiltInKeywords.verifyElementNotPresent(WebUiBuiltInKeywords.groovy:1481)
	at com.kms.katalon.core.webui.keyword.WebUiBuiltInKeywords$verifyElementNotPresent$10.call(Unknown Source)
	at SD_TC.064 Pagination Special Dates.run(SD_TC.064 Pagination Special Dates:45)
	at com.kms.katalon.core.main.ScriptEngine.run(ScriptEngine.java:194)
	at com.kms.katalon.core.main.ScriptEngine.runScriptAsRawText(ScriptEngine.java:119)
	at com.kms.katalon.core.main.TestCaseExecutor.runScript(TestCaseExecutor.java:448)
	at com.kms.katalon.core.main.TestCaseExecutor.doExecute(TestCaseExecutor.java:439)
	at com.kms.katalon.core.main.TestCaseExecutor.processExecutionPhase(TestCaseExecutor.java:418)
	at com.kms.katalon.core.main.TestCaseExecutor.accessMainPhase(TestCaseExecutor.java:410)
	at com.kms.katalon.core.main.TestCaseExecutor.execute(TestCaseExecutor.java:285)
	at com.kms.katalon.core.common.CommonExecutor.accessTestCaseMainPhase(CommonExecutor.java:65)
	at com.kms.katalon.core.main.TestSuiteExecutor.accessTestSuiteMainPhase(TestSuiteExecutor.java:151)
	at com.kms.katalon.core.main.TestSuiteExecutor.execute(TestSuiteExecutor.java:106)
	at com.kms.katalon.core.main.TestCaseMain.startTestSuite(TestCaseMain.java:185)
	at com.kms.katalon.core.main.TestCaseMain$startTestSuite$0.call(Unknown Source)
	at TempTestSuite1680507442613.run(TempTestSuite1680507442613.groovy:36)
)

2023-04-03 14:41:27 - [MESSAGE][WARNING] - Web element with id: '' located by 'By.xpath: //li[@class='paginate_button page-item next disabled']' is present after '1' second(s) (Root cause: com.kms.katalon.core.exception.StepFailedException: Web element with id: '' located by 'By.xpath: //li[@class='paginate_button page-item next disabled']' is present after '1' second(s)
	at com.kms.katalon.core.webui.keyword.internal.WebUIKeywordMain.stepFailed(WebUIKeywordMain.groovy:64)
	at com.kms.katalon.core.webui.keyword.internal.WebUIKeywordMain$stepFailed$0.call(Unknown Source)
	at com.kms.katalon.core.webui.keyword.builtin.VerifyElementNotPresentKeyword$_verifyElementNotPresent_closure1.doCall(VerifyElementNotPresentKeyword.groovy:106)
	at com.kms.katalon.core.webui.keyword.builtin.VerifyElementNotPresentKeyword$_verifyElementNotPresent_closure1.doCall(VerifyElementNotPresentKeyword.groovy)
	at com.kms.katalon.core.webui.keyword.internal.WebUIKeywordMain.runKeyword(WebUIKeywordMain.groovy:20)
	at com.kms.katalon.core.webui.keyword.internal.WebUIKeywordMain$runKeyword.call(Unknown Source)
	at com.kms.katalon.core.webui.keyword.builtin.VerifyElementNotPresentKeyword.verifyElementNotPresent(VerifyElementNotPresentKeyword.groovy:117)
	at com.kms.katalon.core.webui.keyword.builtin.VerifyElementNotPresentKeyword.execute(VerifyElementNotPresentKeyword.groovy:68)
	at com.kms.katalon.core.keyword.internal.KeywordExecutor.executeKeywordForPlatform(KeywordExecutor.groovy:74)
	at com.kms.katalon.core.webui.keyword.WebUiBuiltInKeywords.verifyElementNotPresent(WebUiBuiltInKeywords.groovy:1481)
	at com.kms.katalon.core.webui.keyword.WebUiBuiltInKeywords$verifyElementNotPresent$10.call(Unknown Source)
	at SD_TC.064 Pagination Special Dates.run(SD_TC.064 Pagination Special Dates:45)
	at com.kms.katalon.core.main.ScriptEngine.run(ScriptEngine.java:194)
	at com.kms.katalon.core.main.ScriptEngine.runScriptAsRawText(ScriptEngine.java:119)
	at com.kms.katalon.core.main.TestCaseExecutor.runScript(TestCaseExecutor.java:448)
	at com.kms.katalon.core.main.TestCaseExecutor.doExecute(TestCaseExecutor.java:439)
	at com.kms.katalon.core.main.TestCaseExecutor.processExecutionPhase(TestCaseExecutor.java:418)
	at com.kms.katalon.core.main.TestCaseExecutor.accessMainPhase(TestCaseExecutor.java:410)
	at com.kms.katalon.core.main.TestCaseExecutor.execute(TestCaseExecutor.java:285)
	at com.kms.katalon.core.common.CommonExecutor.accessTestCaseMainPhase(CommonExecutor.java:65)
	at com.kms.katalon.core.main.TestSuiteExecutor.accessTestSuiteMainPhase(TestSuiteExecutor.java:151)
	at com.kms.katalon.core.main.TestSuiteExecutor.execute(TestSuiteExecutor.java:106)
	at com.kms.katalon.core.main.TestCaseMain.startTestSuite(TestCaseMain.java:185)
	at com.kms.katalon.core.main.TestCaseMain$startTestSuite$0.call(Unknown Source)
	at TempTestSuite1680507442613.run(TempTestSuite1680507442613.groovy:36)
)
[[ATTACHMENT|D:\\_Bayu Buana\\BB_Automation\\bb-internal-katalon\\Reports\\20230403_143722\\RUN\\20230403_143722\\1680507687286.png]]

2023-04-03 14:41:27 - [TEST_STEP][PASSED] - else: Actual text '1' and expected text '1' are matched 

2023-04-03 14:41:27 - [TEST_STEP][PASSED] - numPage = getText(findTestObject("Object Repository/special_dates/pagination_active")): Text of object 'Object Repository/special_dates/pagination_active' is: '1'

2023-04-03 14:41:28 - [MESSAGE][PASSED] - Text of object 'Object Repository/special_dates/pagination_active' is: '1'

2023-04-03 14:41:28 - [TEST_STEP][PASSED] - verifyMatch(numPage, "1", false): Actual text '1' and expected text '1' are matched 

2023-04-03 14:41:28 - [MESSAGE][PASSED] - Actual text '1' and expected text '1' are matched 

2023-04-03 14:41:28 - [TEST_STEP][PASSED] - takeScreenshot(): Taking screenshot successfully

2023-04-03 14:41:28 - [MESSAGE][PASSED] - Taking screenshot successfully
[[ATTACHMENT|D:\\_Bayu Buana\\BB_Automation\\bb-internal-katalon\\Reports\\20230403_143722\\RUN\\20230403_143722\\1680507688395.png]]

2023-04-03 14:41:28 - [TEST_STEP][PASSED] - closeBrowser(): Browser is closed

2023-04-03 14:41:29 - [MESSAGE][PASSED] - Browser is closed]]></system-out>
         <system-err><![CDATA[]]></system-err>
      </testcase>
      <system-out><![CDATA[2023-04-03 14:37:38 - [TEST_SUITE][ERROR] - RUN: Test Cases/SCENARIO/Setup and Configuration/Special Dates/SD_TC.002 Search _by Name, up and low case character FAILED.
Reason:
com.kms.katalon.core.exception.StepErrorException: Call Test Case 'Test Cases/login_scenario_manager' failed because of error(s)
	at com.kms.katalon.core.keyword.builtin.CallTestCaseKeyword$_callTestCase_closure1.doCall(CallTestCaseKeyword.groovy:66)
	at com.kms.katalon.core.keyword.builtin.CallTestCaseKeyword$_callTestCase_closure1.call(CallTestCaseKeyword.groovy)
	at com.kms.katalon.core.keyword.internal.KeywordMain.runKeyword(KeywordMain.groovy:74)
	at com.kms.katalon.core.keyword.builtin.CallTestCaseKeyword.callTestCase(CallTestCaseKeyword.groovy:81)
	at com.kms.katalon.core.keyword.builtin.CallTestCaseKeyword.execute(CallTestCaseKeyword.groovy:44)
	at com.kms.katalon.core.keyword.internal.KeywordExecutor.executeKeywordForPlatform(KeywordExecutor.groovy:74)
	at com.kms.katalon.core.keyword.BuiltinKeywords.callTestCase(BuiltinKeywords.groovy:334)
	at SD_TC.002 Search _by Name, up and low case character.run(SD_TC.002 Search _by Name, up and low case character:20)
	at com.kms.katalon.core.main.ScriptEngine.run(ScriptEngine.java:194)
	at com.kms.katalon.core.main.ScriptEngine.runScriptAsRawText(ScriptEngine.java:119)
	at com.kms.katalon.core.main.TestCaseExecutor.runScript(TestCaseExecutor.java:448)
	at com.kms.katalon.core.main.TestCaseExecutor.doExecute(TestCaseExecutor.java:439)
	at com.kms.katalon.core.main.TestCaseExecutor.processExecutionPhase(TestCaseExecutor.java:418)
	at com.kms.katalon.core.main.TestCaseExecutor.accessMainPhase(TestCaseExecutor.java:410)
	at com.kms.katalon.core.main.TestCaseExecutor.execute(TestCaseExecutor.java:285)
	at com.kms.katalon.core.common.CommonExecutor.accessTestCaseMainPhase(CommonExecutor.java:65)
	at com.kms.katalon.core.main.TestSuiteExecutor.accessTestSuiteMainPhase(TestSuiteExecutor.java:151)
	at com.kms.katalon.core.main.TestSuiteExecutor.execute(TestSuiteExecutor.java:106)
	at com.kms.katalon.core.main.TestCaseMain.startTestSuite(TestCaseMain.java:185)
	at com.kms.katalon.core.main.TestCaseMain$startTestSuite$0.call(Unknown Source)
	at TempTestSuite1680507442613.run(TempTestSuite1680507442613.groovy:36)
Caused by: groovy.lang.MissingPropertyException: No such property: login_url for class: internal.GlobalVariable
	at login_scenario_manager.run(login_scenario_manager:20)
	at com.kms.katalon.core.main.ScriptEngine.run(ScriptEngine.java:194)
	at com.kms.katalon.core.main.ScriptEngine.runScriptAsRawText(ScriptEngine.java:119)
	at com.kms.katalon.core.main.TestCaseExecutor.runScript(TestCaseExecutor.java:448)
	at com.kms.katalon.core.main.TestCaseExecutor.doExecute(TestCaseExecutor.java:439)
	at com.kms.katalon.core.main.TestCaseExecutor.processExecutionPhase(TestCaseExecutor.java:418)
	at com.kms.katalon.core.main.TestCaseExecutor.accessMainPhase(TestCaseExecutor.java:410)
	at com.kms.katalon.core.main.TestCaseExecutor.execute(TestCaseExecutor.java:285)
	at com.kms.katalon.core.main.TestCaseMain.runTestCase(TestCaseMain.java:142)
	at com.kms.katalon.core.keyword.builtin.CallTestCaseKeyword$_callTestCase_closure1.doCall(CallTestCaseKeyword.groovy:59)
	... 20 more]]></system-out>
      <system-err><![CDATA[2023-04-03 14:37:38 - [TEST_SUITE][ERROR] - RUN: Test Cases/SCENARIO/Setup and Configuration/Special Dates/SD_TC.002 Search _by Name, up and low case character FAILED.
Reason:
com.kms.katalon.core.exception.StepErrorException: Call Test Case 'Test Cases/login_scenario_manager' failed because of error(s)
	at com.kms.katalon.core.keyword.builtin.CallTestCaseKeyword$_callTestCase_closure1.doCall(CallTestCaseKeyword.groovy:66)
	at com.kms.katalon.core.keyword.builtin.CallTestCaseKeyword$_callTestCase_closure1.call(CallTestCaseKeyword.groovy)
	at com.kms.katalon.core.keyword.internal.KeywordMain.runKeyword(KeywordMain.groovy:74)
	at com.kms.katalon.core.keyword.builtin.CallTestCaseKeyword.callTestCase(CallTestCaseKeyword.groovy:81)
	at com.kms.katalon.core.keyword.builtin.CallTestCaseKeyword.execute(CallTestCaseKeyword.groovy:44)
	at com.kms.katalon.core.keyword.internal.KeywordExecutor.executeKeywordForPlatform(KeywordExecutor.groovy:74)
	at com.kms.katalon.core.keyword.BuiltinKeywords.callTestCase(BuiltinKeywords.groovy:334)
	at SD_TC.002 Search _by Name, up and low case character.run(SD_TC.002 Search _by Name, up and low case character:20)
	at com.kms.katalon.core.main.ScriptEngine.run(ScriptEngine.java:194)
	at com.kms.katalon.core.main.ScriptEngine.runScriptAsRawText(ScriptEngine.java:119)
	at com.kms.katalon.core.main.TestCaseExecutor.runScript(TestCaseExecutor.java:448)
	at com.kms.katalon.core.main.TestCaseExecutor.doExecute(TestCaseExecutor.java:439)
	at com.kms.katalon.core.main.TestCaseExecutor.processExecutionPhase(TestCaseExecutor.java:418)
	at com.kms.katalon.core.main.TestCaseExecutor.accessMainPhase(TestCaseExecutor.java:410)
	at com.kms.katalon.core.main.TestCaseExecutor.execute(TestCaseExecutor.java:285)
	at com.kms.katalon.core.common.CommonExecutor.accessTestCaseMainPhase(CommonExecutor.java:65)
	at com.kms.katalon.core.main.TestSuiteExecutor.accessTestSuiteMainPhase(TestSuiteExecutor.java:151)
	at com.kms.katalon.core.main.TestSuiteExecutor.execute(TestSuiteExecutor.java:106)
	at com.kms.katalon.core.main.TestCaseMain.startTestSuite(TestCaseMain.java:185)
	at com.kms.katalon.core.main.TestCaseMain$startTestSuite$0.call(Unknown Source)
	at TempTestSuite1680507442613.run(TempTestSuite1680507442613.groovy:36)
Caused by: groovy.lang.MissingPropertyException: No such property: login_url for class: internal.GlobalVariable
	at login_scenario_manager.run(login_scenario_manager:20)
	at com.kms.katalon.core.main.ScriptEngine.run(ScriptEngine.java:194)
	at com.kms.katalon.core.main.ScriptEngine.runScriptAsRawText(ScriptEngine.java:119)
	at com.kms.katalon.core.main.TestCaseExecutor.runScript(TestCaseExecutor.java:448)
	at com.kms.katalon.core.main.TestCaseExecutor.doExecute(TestCaseExecutor.java:439)
	at com.kms.katalon.core.main.TestCaseExecutor.processExecutionPhase(TestCaseExecutor.java:418)
	at com.kms.katalon.core.main.TestCaseExecutor.accessMainPhase(TestCaseExecutor.java:410)
	at com.kms.katalon.core.main.TestCaseExecutor.execute(TestCaseExecutor.java:285)
	at com.kms.katalon.core.main.TestCaseMain.runTestCase(TestCaseMain.java:142)
	at com.kms.katalon.core.keyword.builtin.CallTestCaseKeyword$_callTestCase_closure1.doCall(CallTestCaseKeyword.groovy:59)
	... 20 more]]></system-err>
   </testsuite>
</testsuites>
